<?xml version="1.0" encoding="UTF-8"?>
<coverage generated="1743254233229" clover="3.2.0">
  <project timestamp="1743254233230" name="All files">
    <metrics statements="280" coveredstatements="20" conditionals="73" coveredconditionals="10" methods="105" coveredmethods="5" elements="458" coveredelements="35" complexity="0" loc="280" ncloc="280" packages="11" files="36" classes="36"/>
    <package name="Frontend">
      <metrics statements="3" coveredstatements="0" conditionals="0" coveredconditionals="0" methods="1" coveredmethods="0"/>
      <file name="App.js" path="C:\Users\hugoc\OneDrive\Área de Trabalho\Hugo\Eng. de Software\Projeto iGo\Desenvolvimento\Nova pasta\mobile-app\Frontend\App.js">
        <metrics statements="1" coveredstatements="0" conditionals="0" coveredconditionals="0" methods="1" coveredmethods="0"/>
        <line num="6" count="0" type="stmt"/>
      </file>
      <file name="index.js" path="C:\Users\hugoc\OneDrive\Área de Trabalho\Hugo\Eng. de Software\Projeto iGo\Desenvolvimento\Nova pasta\mobile-app\Frontend\index.js">
        <metrics statements="1" coveredstatements="0" conditionals="0" coveredconditionals="0" methods="0" coveredmethods="0"/>
        <line num="8" count="0" type="stmt"/>
      </file>
      <file name="jest.config.js" path="C:\Users\hugoc\OneDrive\Área de Trabalho\Hugo\Eng. de Software\Projeto iGo\Desenvolvimento\Nova pasta\mobile-app\Frontend\jest.config.js">
        <metrics statements="1" coveredstatements="0" conditionals="0" coveredconditionals="0" methods="0" coveredmethods="0"/>
        <line num="1" count="0" type="stmt"/>
      </file>
    </package>
    <package name="Frontend.src.components">
      <metrics statements="2" coveredstatements="0" conditionals="0" coveredconditionals="0" methods="1" coveredmethods="0"/>
      <file name="AssetExample.js" path="C:\Users\hugoc\OneDrive\Área de Trabalho\Hugo\Eng. de Software\Projeto iGo\Desenvolvimento\Nova pasta\mobile-app\Frontend\src\components\AssetExample.js">
        <metrics statements="2" coveredstatements="0" conditionals="0" coveredconditionals="0" methods="1" coveredmethods="0"/>
        <line num="4" count="0" type="stmt"/>
        <line num="14" count="0" type="stmt"/>
      </file>
    </package>
    <package name="Frontend.src.components.common">
      <metrics statements="16" coveredstatements="0" conditionals="13" coveredconditionals="0" methods="5" coveredmethods="0"/>
      <file name="Header.js" path="C:\Users\hugoc\OneDrive\Área de Trabalho\Hugo\Eng. de Software\Projeto iGo\Desenvolvimento\Nova pasta\mobile-app\Frontend\src\components\common\Header.js">
        <metrics statements="3" coveredstatements="0" conditionals="5" coveredconditionals="0" methods="1" coveredmethods="0"/>
        <line num="5" count="0" type="stmt"/>
        <line num="12" count="0" type="stmt"/>
        <line num="29" count="0" type="stmt"/>
      </file>
      <file name="IconButton.js" path="C:\Users\hugoc\OneDrive\Área de Trabalho\Hugo\Eng. de Software\Projeto iGo\Desenvolvimento\Nova pasta\mobile-app\Frontend\src\components\common\IconButton.js">
        <metrics statements="3" coveredstatements="0" conditionals="2" coveredconditionals="0" methods="1" coveredmethods="0"/>
        <line num="5" count="0" type="stmt"/>
        <line num="12" count="0" type="stmt"/>
        <line num="22" count="0" type="stmt"/>
      </file>
      <file name="Logout.js" path="C:\Users\hugoc\OneDrive\Área de Trabalho\Hugo\Eng. de Software\Projeto iGo\Desenvolvimento\Nova pasta\mobile-app\Frontend\src\components\common\Logout.js">
        <metrics statements="3" coveredstatements="0" conditionals="0" coveredconditionals="0" methods="1" coveredmethods="0"/>
        <line num="4" count="0" type="stmt"/>
        <line num="5" count="0" type="stmt"/>
        <line num="37" count="0" type="stmt"/>
      </file>
      <file name="SearchBar.js" path="C:\Users\hugoc\OneDrive\Área de Trabalho\Hugo\Eng. de Software\Projeto iGo\Desenvolvimento\Nova pasta\mobile-app\Frontend\src\components\common\SearchBar.js">
        <metrics statements="3" coveredstatements="0" conditionals="0" coveredconditionals="0" methods="1" coveredmethods="0"/>
        <line num="5" count="0" type="stmt"/>
        <line num="11" count="0" type="stmt"/>
        <line num="24" count="0" type="stmt"/>
      </file>
      <file name="UserIcon.js" path="C:\Users\hugoc\OneDrive\Área de Trabalho\Hugo\Eng. de Software\Projeto iGo\Desenvolvimento\Nova pasta\mobile-app\Frontend\src\components\common\UserIcon.js">
        <metrics statements="4" coveredstatements="0" conditionals="6" coveredconditionals="0" methods="1" coveredmethods="0"/>
        <line num="5" count="0" type="stmt"/>
        <line num="7" count="0" type="cond" truecount="0" falsecount="2"/>
        <line num="9" count="0" type="stmt"/>
        <line num="23" count="0" type="stmt"/>
      </file>
    </package>
    <package name="Frontend.src.components.help">
      <metrics statements="6" coveredstatements="0" conditionals="1" coveredconditionals="0" methods="2" coveredmethods="0"/>
      <file name="ContactSection.js" path="C:\Users\hugoc\OneDrive\Área de Trabalho\Hugo\Eng. de Software\Projeto iGo\Desenvolvimento\Nova pasta\mobile-app\Frontend\src\components\help\ContactSection.js">
        <metrics statements="3" coveredstatements="0" conditionals="0" coveredconditionals="0" methods="1" coveredmethods="0"/>
        <line num="4" count="0" type="stmt"/>
        <line num="5" count="0" type="stmt"/>
        <line num="18" count="0" type="stmt"/>
      </file>
      <file name="HelpItem.js" path="C:\Users\hugoc\OneDrive\Área de Trabalho\Hugo\Eng. de Software\Projeto iGo\Desenvolvimento\Nova pasta\mobile-app\Frontend\src\components\help\HelpItem.js">
        <metrics statements="3" coveredstatements="0" conditionals="1" coveredconditionals="0" methods="1" coveredmethods="0"/>
        <line num="5" count="0" type="stmt"/>
        <line num="11" count="0" type="stmt"/>
        <line num="22" count="0" type="stmt"/>
      </file>
    </package>
    <package name="Frontend.src.components.home">
      <metrics statements="21" coveredstatements="0" conditionals="6" coveredconditionals="0" methods="8" coveredmethods="0"/>
      <file name="AlertBox.js" path="C:\Users\hugoc\OneDrive\Área de Trabalho\Hugo\Eng. de Software\Projeto iGo\Desenvolvimento\Nova pasta\mobile-app\Frontend\src\components\home\AlertBox.js">
        <metrics statements="3" coveredstatements="0" conditionals="2" coveredconditionals="0" methods="1" coveredmethods="0"/>
        <line num="5" count="0" type="stmt"/>
        <line num="9" count="0" type="stmt"/>
        <line num="24" count="0" type="stmt"/>
      </file>
      <file name="BottomUserBar.js" path="C:\Users\hugoc\OneDrive\Área de Trabalho\Hugo\Eng. de Software\Projeto iGo\Desenvolvimento\Nova pasta\mobile-app\Frontend\src\components\home\BottomUserBar.js">
        <metrics statements="3" coveredstatements="0" conditionals="0" coveredconditionals="0" methods="1" coveredmethods="0"/>
        <line num="6" count="0" type="stmt"/>
        <line num="7" count="0" type="stmt"/>
        <line num="20" count="0" type="stmt"/>
      </file>
      <file name="DateCard.js" path="C:\Users\hugoc\OneDrive\Área de Trabalho\Hugo\Eng. de Software\Projeto iGo\Desenvolvimento\Nova pasta\mobile-app\Frontend\src\components\home\DateCard.js">
        <metrics statements="3" coveredstatements="0" conditionals="0" coveredconditionals="0" methods="1" coveredmethods="0"/>
        <line num="5" count="0" type="stmt"/>
        <line num="11" count="0" type="stmt"/>
        <line num="24" count="0" type="stmt"/>
      </file>
      <file name="MapContainer.js" path="C:\Users\hugoc\OneDrive\Área de Trabalho\Hugo\Eng. de Software\Projeto iGo\Desenvolvimento\Nova pasta\mobile-app\Frontend\src\components\home\MapContainer.js">
        <metrics statements="3" coveredstatements="0" conditionals="0" coveredconditionals="0" methods="1" coveredmethods="0"/>
        <line num="4" count="0" type="stmt"/>
        <line num="5" count="0" type="stmt"/>
        <line num="16" count="0" type="stmt"/>
      </file>
      <file name="StatusSwitch.js" path="C:\Users\hugoc\OneDrive\Área de Trabalho\Hugo\Eng. de Software\Projeto iGo\Desenvolvimento\Nova pasta\mobile-app\Frontend\src\components\home\StatusSwitch.js">
        <metrics statements="3" coveredstatements="0" conditionals="2" coveredconditionals="0" methods="1" coveredmethods="0"/>
        <line num="5" count="0" type="stmt"/>
        <line num="10" count="0" type="stmt"/>
        <line num="27" count="0" type="stmt"/>
      </file>
      <file name="TravelModeSelector.js" path="C:\Users\hugoc\OneDrive\Área de Trabalho\Hugo\Eng. de Software\Projeto iGo\Desenvolvimento\Nova pasta\mobile-app\Frontend\src\components\home\TravelModeSelector.js">
        <metrics statements="6" coveredstatements="0" conditionals="2" coveredconditionals="0" methods="3" coveredmethods="0"/>
        <line num="5" count="0" type="stmt"/>
        <line num="9" count="0" type="stmt"/>
        <line num="27" count="0" type="stmt"/>
        <line num="30" count="0" type="stmt"/>
        <line num="36" count="0" type="stmt"/>
        <line num="47" count="0" type="stmt"/>
      </file>
    </package>
    <package name="Frontend.src.components.passengers">
      <metrics statements="6" coveredstatements="0" conditionals="2" coveredconditionals="0" methods="2" coveredmethods="0"/>
      <file name="AddPassengerButton.js" path="C:\Users\hugoc\OneDrive\Área de Trabalho\Hugo\Eng. de Software\Projeto iGo\Desenvolvimento\Nova pasta\mobile-app\Frontend\src\components\passengers\AddPassengerButton.js">
        <metrics statements="3" coveredstatements="0" conditionals="0" coveredconditionals="0" methods="1" coveredmethods="0"/>
        <line num="4" count="0" type="stmt"/>
        <line num="5" count="0" type="stmt"/>
        <line num="15" count="0" type="stmt"/>
      </file>
      <file name="PassengerItem.js" path="C:\Users\hugoc\OneDrive\Área de Trabalho\Hugo\Eng. de Software\Projeto iGo\Desenvolvimento\Nova pasta\mobile-app\Frontend\src\components\passengers\PassengerItem.js">
        <metrics statements="3" coveredstatements="0" conditionals="2" coveredconditionals="0" methods="1" coveredmethods="0"/>
        <line num="5" count="0" type="stmt"/>
        <line num="10" count="0" type="stmt"/>
        <line num="24" count="0" type="stmt"/>
      </file>
    </package>
    <package name="Frontend.src.constants">
      <metrics statements="0" coveredstatements="0" conditionals="0" coveredconditionals="0" methods="0" coveredmethods="0"/>
      <file name="colors.js" path="C:\Users\hugoc\OneDrive\Área de Trabalho\Hugo\Eng. de Software\Projeto iGo\Desenvolvimento\Nova pasta\mobile-app\Frontend\src\constants\colors.js">
        <metrics statements="0" coveredstatements="0" conditionals="0" coveredconditionals="0" methods="0" coveredmethods="0"/>
      </file>
      <file name="icons.js" path="C:\Users\hugoc\OneDrive\Área de Trabalho\Hugo\Eng. de Software\Projeto iGo\Desenvolvimento\Nova pasta\mobile-app\Frontend\src\constants\icons.js">
        <metrics statements="0" coveredstatements="0" conditionals="0" coveredconditionals="0" methods="0" coveredmethods="0"/>
      </file>
    </package>
    <package name="Frontend.src.navigation">
      <metrics statements="12" coveredstatements="0" conditionals="4" coveredconditionals="0" methods="4" coveredmethods="0"/>
      <file name="BottomTabNavigator.js" path="C:\Users\hugoc\OneDrive\Área de Trabalho\Hugo\Eng. de Software\Projeto iGo\Desenvolvimento\Nova pasta\mobile-app\Frontend\src\navigation\BottomTabNavigator.js">
        <metrics statements="9" coveredstatements="0" conditionals="4" coveredconditionals="0" methods="3" coveredmethods="0"/>
        <line num="9" count="0" type="stmt"/>
        <line num="11" count="0" type="stmt"/>
        <line num="12" count="0" type="stmt"/>
        <line num="15" count="0" type="stmt"/>
        <line num="20" count="0" type="cond" truecount="0" falsecount="2"/>
        <line num="21" count="0" type="stmt"/>
        <line num="22" count="0" type="cond" truecount="0" falsecount="2"/>
        <line num="23" count="0" type="stmt"/>
        <line num="26" count="0" type="stmt"/>
      </file>
      <file name="StackNavigator.js" path="C:\Users\hugoc\OneDrive\Área de Trabalho\Hugo\Eng. de Software\Projeto iGo\Desenvolvimento\Nova pasta\mobile-app\Frontend\src\navigation\StackNavigator.js">
        <metrics statements="3" coveredstatements="0" conditionals="0" coveredconditionals="0" methods="1" coveredmethods="0"/>
        <line num="22" count="0" type="stmt"/>
        <line num="24" count="0" type="stmt"/>
        <line num="25" count="0" type="stmt"/>
      </file>
    </package>
    <package name="Frontend.src.screens.CommonScreens">
      <metrics statements="155" coveredstatements="20" conditionals="47" coveredconditionals="10" methods="50" coveredmethods="5"/>
      <file name="EditAddressesScreen.js" path="C:\Users\hugoc\OneDrive\Área de Trabalho\Hugo\Eng. de Software\Projeto iGo\Desenvolvimento\Nova pasta\mobile-app\Frontend\src\screens\CommonScreens\EditAddressesScreen.js">
        <metrics statements="18" coveredstatements="0" conditionals="4" coveredconditionals="0" methods="13" coveredmethods="0"/>
        <line num="6" count="0" type="stmt"/>
        <line num="7" count="0" type="stmt"/>
        <line num="8" count="0" type="stmt"/>
        <line num="17" count="0" type="stmt"/>
        <line num="18" count="0" type="stmt"/>
        <line num="21" count="0" type="stmt"/>
        <line num="23" count="0" type="stmt"/>
        <line num="26" count="0" type="stmt"/>
        <line num="29" count="0" type="stmt"/>
        <line num="43" count="0" type="stmt"/>
        <line num="52" count="0" type="stmt"/>
        <line num="62" count="0" type="stmt"/>
        <line num="71" count="0" type="stmt"/>
        <line num="82" count="0" type="stmt"/>
        <line num="90" count="0" type="stmt"/>
        <line num="98" count="0" type="stmt"/>
        <line num="110" count="0" type="stmt"/>
        <line num="129" count="0" type="stmt"/>
      </file>
      <file name="EditProfileScreen.js" path="C:\Users\hugoc\OneDrive\Área de Trabalho\Hugo\Eng. de Software\Projeto iGo\Desenvolvimento\Nova pasta\mobile-app\Frontend\src\screens\CommonScreens\EditProfileScreen.js">
        <metrics statements="17" coveredstatements="0" conditionals="0" coveredconditionals="0" methods="12" coveredmethods="0"/>
        <line num="6" count="0" type="stmt"/>
        <line num="7" count="0" type="stmt"/>
        <line num="16" count="0" type="stmt"/>
        <line num="17" count="0" type="stmt"/>
        <line num="20" count="0" type="stmt"/>
        <line num="22" count="0" type="stmt"/>
        <line num="25" count="0" type="stmt"/>
        <line num="26" count="0" type="stmt"/>
        <line num="29" count="0" type="stmt"/>
        <line num="32" count="0" type="stmt"/>
        <line num="43" count="0" type="stmt"/>
        <line num="50" count="0" type="stmt"/>
        <line num="57" count="0" type="stmt"/>
        <line num="65" count="0" type="stmt"/>
        <line num="73" count="0" type="stmt"/>
        <line num="82" count="0" type="stmt"/>
        <line num="105" count="0" type="stmt"/>
      </file>
      <file name="ForgotPasswordScreen.js" path="C:\Users\hugoc\OneDrive\Área de Trabalho\Hugo\Eng. de Software\Projeto iGo\Desenvolvimento\Nova pasta\mobile-app\Frontend\src\screens\CommonScreens\ForgotPasswordScreen.js">
        <metrics statements="20" coveredstatements="0" conditionals="4" coveredconditionals="0" methods="5" coveredmethods="0"/>
        <line num="5" count="0" type="stmt"/>
        <line num="8" count="0" type="stmt"/>
        <line num="9" count="0" type="stmt"/>
        <line num="10" count="0" type="stmt"/>
        <line num="13" count="0" type="stmt"/>
        <line num="14" count="0" type="stmt"/>
        <line num="16" count="0" type="cond" truecount="0" falsecount="2"/>
        <line num="17" count="0" type="stmt"/>
        <line num="18" count="0" type="stmt"/>
        <line num="21" count="0" type="cond" truecount="0" falsecount="2"/>
        <line num="22" count="0" type="stmt"/>
        <line num="23" count="0" type="stmt"/>
        <line num="24" count="0" type="stmt"/>
        <line num="28" count="0" type="stmt"/>
        <line num="29" count="0" type="stmt"/>
        <line num="32" count="0" type="stmt"/>
        <line num="42" count="0" type="stmt"/>
        <line num="43" count="0" type="stmt"/>
        <line num="53" count="0" type="stmt"/>
        <line num="60" count="0" type="stmt"/>
      </file>
      <file name="LoginScreen.js" path="C:\Users\hugoc\OneDrive\Área de Trabalho\Hugo\Eng. de Software\Projeto iGo\Desenvolvimento\Nova pasta\mobile-app\Frontend\src\screens\CommonScreens\LoginScreen.js">
        <metrics statements="20" coveredstatements="20" conditionals="10" coveredconditionals="10" methods="5" coveredmethods="5"/>
        <line num="6" count="13" type="stmt"/>
        <line num="7" count="13" type="stmt"/>
        <line num="9" count="13" type="stmt"/>
        <line num="11" count="3" type="stmt"/>
        <line num="12" count="3" type="stmt"/>
        <line num="15" count="13" type="stmt"/>
        <line num="17" count="4" type="cond" truecount="4" falsecount="0"/>
        <line num="18" count="1" type="stmt"/>
        <line num="19" count="1" type="stmt"/>
        <line num="22" count="3" type="cond" truecount="2" falsecount="0"/>
        <line num="23" count="1" type="stmt"/>
        <line num="24" count="1" type="stmt"/>
        <line num="27" count="2" type="cond" truecount="2" falsecount="0"/>
        <line num="28" count="1" type="stmt"/>
        <line num="31" count="2" type="cond" truecount="2" falsecount="0"/>
        <line num="32" count="1" type="stmt"/>
        <line num="38" count="13" type="stmt"/>
        <line num="68" count="1" type="stmt"/>
        <line num="79" count="1" type="stmt"/>
        <line num="87" count="1" type="stmt"/>
      </file>
      <file name="ResetPasswordScreen.js" path="C:\Users\hugoc\OneDrive\Área de Trabalho\Hugo\Eng. de Software\Projeto iGo\Desenvolvimento\Nova pasta\mobile-app\Frontend\src\screens\CommonScreens\ResetPasswordScreen.js">
        <metrics statements="14" coveredstatements="0" conditionals="7" coveredconditionals="0" methods="2" coveredmethods="0"/>
        <line num="6" count="0" type="stmt"/>
        <line num="7" count="0" type="stmt"/>
        <line num="8" count="0" type="stmt"/>
        <line num="10" count="0" type="stmt"/>
        <line num="11" count="0" type="cond" truecount="0" falsecount="5"/>
        <line num="12" count="0" type="stmt"/>
        <line num="13" count="0" type="stmt"/>
        <line num="16" count="0" type="cond" truecount="0" falsecount="2"/>
        <line num="17" count="0" type="stmt"/>
        <line num="18" count="0" type="stmt"/>
        <line num="21" count="0" type="stmt"/>
        <line num="22" count="0" type="stmt"/>
        <line num="25" count="0" type="stmt"/>
        <line num="63" count="0" type="stmt"/>
      </file>
      <file name="SignUpScreen.js" path="C:\Users\hugoc\OneDrive\Área de Trabalho\Hugo\Eng. de Software\Projeto iGo\Desenvolvimento\Nova pasta\mobile-app\Frontend\src\screens\CommonScreens\SignUpScreen.js">
        <metrics statements="66" coveredstatements="0" conditionals="22" coveredconditionals="0" methods="13" coveredmethods="0"/>
        <line num="5" count="0" type="stmt"/>
        <line num="6" count="0" type="stmt"/>
        <line num="7" count="0" type="stmt"/>
        <line num="8" count="0" type="stmt"/>
        <line num="9" count="0" type="stmt"/>
        <line num="10" count="0" type="stmt"/>
        <line num="13" count="0" type="stmt"/>
        <line num="14" count="0" type="stmt"/>
        <line num="15" count="0" type="stmt"/>
        <line num="19" count="0" type="stmt"/>
        <line num="20" count="0" type="stmt"/>
        <line num="23" count="0" type="stmt"/>
        <line num="24" count="0" type="stmt"/>
        <line num="27" count="0" type="stmt"/>
        <line num="28" count="0" type="stmt"/>
        <line num="31" count="0" type="stmt"/>
        <line num="32" count="0" type="stmt"/>
        <line num="33" count="0" type="stmt"/>
        <line num="34" count="0" type="stmt"/>
        <line num="35" count="0" type="stmt"/>
        <line num="36" count="0" type="stmt"/>
        <line num="39" count="0" type="stmt"/>
        <line num="40" count="0" type="stmt"/>
        <line num="41" count="0" type="stmt"/>
        <line num="42" count="0" type="stmt"/>
        <line num="43" count="0" type="stmt"/>
        <line num="47" count="0" type="stmt"/>
        <line num="48" count="0" type="stmt"/>
        <line num="50" count="0" type="cond" truecount="0" falsecount="4"/>
        <line num="51" count="0" type="stmt"/>
        <line num="54" count="0" type="cond" truecount="0" falsecount="2"/>
        <line num="55" count="0" type="stmt"/>
        <line num="56" count="0" type="stmt"/>
        <line num="58" count="0" type="stmt"/>
        <line num="59" count="0" type="stmt"/>
        <line num="62" count="0" type="stmt"/>
        <line num="65" count="0" type="stmt"/>
        <line num="66" count="0" type="stmt"/>
        <line num="67" count="0" type="stmt"/>
        <line num="68" count="0" type="stmt"/>
        <line num="69" count="0" type="stmt"/>
        <line num="70" count="0" type="stmt"/>
        <line num="71" count="0" type="stmt"/>
        <line num="73" count="0" type="cond" truecount="0" falsecount="8"/>
        <line num="74" count="0" type="stmt"/>
        <line num="75" count="0" type="stmt"/>
        <line num="78" count="0" type="cond" truecount="0" falsecount="2"/>
        <line num="79" count="0" type="stmt"/>
        <line num="80" count="0" type="stmt"/>
        <line num="83" count="0" type="cond" truecount="0" falsecount="2"/>
        <line num="84" count="0" type="stmt"/>
        <line num="85" count="0" type="stmt"/>
        <line num="88" count="0" type="cond" truecount="0" falsecount="2"/>
        <line num="89" count="0" type="stmt"/>
        <line num="90" count="0" type="stmt"/>
        <line num="93" count="0" type="cond" truecount="0" falsecount="2"/>
        <line num="94" count="0" type="stmt"/>
        <line num="95" count="0" type="stmt"/>
        <line num="98" count="0" type="stmt"/>
        <line num="99" count="0" type="stmt"/>
        <line num="102" count="0" type="stmt"/>
        <line num="130" count="0" type="stmt"/>
        <line num="137" count="0" type="stmt"/>
        <line num="144" count="0" type="stmt"/>
        <line num="152" count="0" type="stmt"/>
        <line num="161" count="0" type="stmt"/>
      </file>
    </package>
    <package name="Frontend.src.screens.DriverScreens">
      <metrics statements="26" coveredstatements="0" conditionals="0" coveredconditionals="0" methods="14" coveredmethods="0"/>
      <file name="DriverHomeScreen.js" path="C:\Users\hugoc\OneDrive\Área de Trabalho\Hugo\Eng. de Software\Projeto iGo\Desenvolvimento\Nova pasta\mobile-app\Frontend\src\screens\DriverScreens\DriverHomeScreen.js">
        <metrics statements="6" coveredstatements="0" conditionals="0" coveredconditionals="0" methods="2" coveredmethods="0"/>
        <line num="10" count="0" type="stmt"/>
        <line num="11" count="0" type="stmt"/>
        <line num="13" count="0" type="stmt"/>
        <line num="14" count="0" type="stmt"/>
        <line num="17" count="0" type="stmt"/>
        <line num="38" count="0" type="stmt"/>
      </file>
      <file name="DriverProfileScreen.js" path="C:\Users\hugoc\OneDrive\Área de Trabalho\Hugo\Eng. de Software\Projeto iGo\Desenvolvimento\Nova pasta\mobile-app\Frontend\src\screens\DriverScreens\DriverProfileScreen.js">
        <metrics statements="12" coveredstatements="0" conditionals="0" coveredconditionals="0" methods="7" coveredmethods="0"/>
        <line num="6" count="0" type="stmt"/>
        <line num="7" count="0" type="stmt"/>
        <line num="20" count="0" type="stmt"/>
        <line num="21" count="0" type="stmt"/>
        <line num="24" count="0" type="stmt"/>
        <line num="25" count="0" type="stmt"/>
        <line num="28" count="0" type="stmt"/>
        <line num="30" count="0" type="stmt"/>
        <line num="33" count="0" type="stmt"/>
        <line num="36" count="0" type="stmt"/>
        <line num="65" count="0" type="stmt"/>
        <line num="94" count="0" type="stmt"/>
      </file>
      <file name="PassengersScreen.js" path="C:\Users\hugoc\OneDrive\Área de Trabalho\Hugo\Eng. de Software\Projeto iGo\Desenvolvimento\Nova pasta\mobile-app\Frontend\src\screens\DriverScreens\PassengersScreen.js">
        <metrics statements="8" coveredstatements="0" conditionals="0" coveredconditionals="0" methods="5" coveredmethods="0"/>
        <line num="11" count="0" type="stmt"/>
        <line num="21" count="0" type="stmt"/>
        <line num="23" count="0" type="stmt"/>
        <line num="24" count="0" type="stmt"/>
        <line num="27" count="0" type="stmt"/>
        <line num="42" count="0" type="stmt"/>
        <line num="52" count="0" type="stmt"/>
        <line num="59" count="0" type="stmt"/>
      </file>
    </package>
    <package name="Frontend.src.screens.PassengerScreens">
      <metrics statements="33" coveredstatements="0" conditionals="0" coveredconditionals="0" methods="18" coveredmethods="0"/>
      <file name="AboutScreen.js" path="C:\Users\hugoc\OneDrive\Área de Trabalho\Hugo\Eng. de Software\Projeto iGo\Desenvolvimento\Nova pasta\mobile-app\Frontend\src\screens\PassengerScreens\AboutScreen.js">
        <metrics statements="4" coveredstatements="0" conditionals="0" coveredconditionals="0" methods="2" coveredmethods="0"/>
        <line num="7" count="0" type="stmt"/>
        <line num="8" count="0" type="stmt"/>
        <line num="13" count="0" type="stmt"/>
        <line num="39" count="0" type="stmt"/>
      </file>
      <file name="HelpScreen.js" path="C:\Users\hugoc\OneDrive\Área de Trabalho\Hugo\Eng. de Software\Projeto iGo\Desenvolvimento\Nova pasta\mobile-app\Frontend\src\screens\PassengerScreens\HelpScreen.js">
        <metrics statements="4" coveredstatements="0" conditionals="0" coveredconditionals="0" methods="3" coveredmethods="0"/>
        <line num="8" count="0" type="stmt"/>
        <line num="9" count="0" type="stmt"/>
        <line num="14" count="0" type="stmt"/>
        <line num="39" count="0" type="stmt"/>
      </file>
      <file name="PassengerHomeScreen.js" path="C:\Users\hugoc\OneDrive\Área de Trabalho\Hugo\Eng. de Software\Projeto iGo\Desenvolvimento\Nova pasta\mobile-app\Frontend\src\screens\PassengerScreens\PassengerHomeScreen.js">
        <metrics statements="7" coveredstatements="0" conditionals="0" coveredconditionals="0" methods="4" coveredmethods="0"/>
        <line num="19" count="0" type="stmt"/>
        <line num="20" count="0" type="stmt"/>
        <line num="22" count="0" type="stmt"/>
        <line num="23" count="0" type="stmt"/>
        <line num="26" count="0" type="stmt"/>
        <line num="52" count="0" type="stmt"/>
        <line num="72" count="0" type="stmt"/>
      </file>
      <file name="PassengerProfileScreen.js" path="C:\Users\hugoc\OneDrive\Área de Trabalho\Hugo\Eng. de Software\Projeto iGo\Desenvolvimento\Nova pasta\mobile-app\Frontend\src\screens\PassengerScreens\PassengerProfileScreen.js">
        <metrics statements="18" coveredstatements="0" conditionals="0" coveredconditionals="0" methods="9" coveredmethods="0"/>
        <line num="7" count="0" type="stmt"/>
        <line num="8" count="0" type="stmt"/>
        <line num="21" count="0" type="stmt"/>
        <line num="23" count="0" type="stmt"/>
        <line num="24" count="0" type="stmt"/>
        <line num="27" count="0" type="stmt"/>
        <line num="28" count="0" type="stmt"/>
        <line num="31" count="0" type="stmt"/>
        <line num="32" count="0" type="stmt"/>
        <line num="35" count="0" type="stmt"/>
        <line num="36" count="0" type="stmt"/>
        <line num="37" count="0" type="stmt"/>
        <line num="40" count="0" type="stmt"/>
        <line num="41" count="0" type="stmt"/>
        <line num="44" count="0" type="stmt"/>
        <line num="47" count="0" type="stmt"/>
        <line num="76" count="0" type="stmt"/>
        <line num="109" count="0" type="stmt"/>
      </file>
    </package>
  </project>
</coverage>
