{"C:\\Users\\hugoc\\OneDrive\\Área de Trabalho\\Hugo\\Eng. de Software\\Projeto iGo\\Desenvolvimento\\Nova pasta\\mobile-app\\Frontend\\App.js": {"path":"C:\\Users\\hugoc\\OneDrive\\Área de Trabalho\\Hugo\\Eng. de Software\\Projeto iGo\\Desenvolvimento\\Nova pasta\\mobile-app\\Frontend\\App.js","statementMap":{"0":{"start":{"line":6,"column":2},"end":{"line":10,"column":4}}},"fnMap":{"0":{"name":"App","decl":{"start":{"line":5,"column":24},"end":{"line":5,"column":27}},"loc":{"start":{"line":5,"column":30},"end":{"line":11,"column":1}},"line":5}},"branchMap":{},"s":{"0":0},"f":{"0":0},"b":{}}
,"C:\\Users\\hugoc\\OneDrive\\Área de Trabalho\\Hugo\\Eng. de Software\\Projeto iGo\\Desenvolvimento\\Nova pasta\\mobile-app\\Frontend\\index.js": {"path":"C:\\Users\\hugoc\\OneDrive\\Área de Trabalho\\Hugo\\Eng. de Software\\Projeto iGo\\Desenvolvimento\\Nova pasta\\mobile-app\\Frontend\\index.js","statementMap":{"0":{"start":{"line":8,"column":0},"end":{"line":8,"column":27}}},"fnMap":{},"branchMap":{},"s":{"0":0},"f":{},"b":{}}
,"C:\\Users\\hugoc\\OneDrive\\Área de Trabalho\\Hugo\\Eng. de Software\\Projeto iGo\\Desenvolvimento\\Nova pasta\\mobile-app\\Frontend\\jest.config.js": {"path":"C:\\Users\\hugoc\\OneDrive\\Área de Trabalho\\Hugo\\Eng. de Software\\Projeto iGo\\Desenvolvimento\\Nova pasta\\mobile-app\\Frontend\\jest.config.js","statementMap":{"0":{"start":{"line":1,"column":0},"end":{"line":16,"column":3}}},"fnMap":{},"branchMap":{},"s":{"0":0},"f":{},"b":{}}
,"C:\\Users\\hugoc\\OneDrive\\Área de Trabalho\\Hugo\\Eng. de Software\\Projeto iGo\\Desenvolvimento\\Nova pasta\\mobile-app\\Frontend\\src\\components\\AssetExample.js": {"path":"C:\\Users\\hugoc\\OneDrive\\Área de Trabalho\\Hugo\\Eng. de Software\\Projeto iGo\\Desenvolvimento\\Nova pasta\\mobile-app\\Frontend\\src\\components\\AssetExample.js","statementMap":{"0":{"start":{"line":4,"column":2},"end":{"line":11,"column":4}},"1":{"start":{"line":14,"column":15},"end":{"line":31,"column":2}}},"fnMap":{"0":{"name":"AssetExample","decl":{"start":{"line":3,"column":24},"end":{"line":3,"column":36}},"loc":{"start":{"line":3,"column":39},"end":{"line":12,"column":1}},"line":3}},"branchMap":{},"s":{"0":0,"1":0},"f":{"0":0},"b":{}}
,"C:\\Users\\hugoc\\OneDrive\\Área de Trabalho\\Hugo\\Eng. de Software\\Projeto iGo\\Desenvolvimento\\Nova pasta\\mobile-app\\Frontend\\src\\components\\common\\Header.js": {"path":"C:\\Users\\hugoc\\OneDrive\\Área de Trabalho\\Hugo\\Eng. de Software\\Projeto iGo\\Desenvolvimento\\Nova pasta\\mobile-app\\Frontend\\src\\components\\common\\Header.js","statementMap":{"0":{"start":{"line":5,"column":15},"end":{"line":27,"column":1}},"1":{"start":{"line":12,"column":2},"end":{"line":26,"column":4}},"2":{"start":{"line":29,"column":15},"end":{"line":45,"column":2}}},"fnMap":{"0":{"name":"(anonymous_0)","decl":{"start":{"line":5,"column":15},"end":{"line":5,"column":16}},"loc":{"start":{"line":11,"column":6},"end":{"line":27,"column":1}},"line":11}},"branchMap":{"0":{"loc":{"start":{"line":14,"column":7},"end":{"line":18,"column":7}},"type":"binary-expr","locations":[{"start":{"line":14,"column":7},"end":{"line":14,"column":23}},{"start":{"line":15,"column":8},"end":{"line":17,"column":27}}],"line":14},"1":{"loc":{"start":{"line":20,"column":7},"end":{"line":24,"column":7}},"type":"binary-expr","locations":[{"start":{"line":20,"column":7},"end":{"line":20,"column":16}},{"start":{"line":20,"column":20},"end":{"line":20,"column":36}},{"start":{"line":21,"column":8},"end":{"line":23,"column":27}}],"line":20}},"s":{"0":0,"1":0,"2":0},"f":{"0":0},"b":{"0":[0,0],"1":[0,0,0]}}
,"C:\\Users\\hugoc\\OneDrive\\Área de Trabalho\\Hugo\\Eng. de Software\\Projeto iGo\\Desenvolvimento\\Nova pasta\\mobile-app\\Frontend\\src\\components\\common\\IconButton.js": {"path":"C:\\Users\\hugoc\\OneDrive\\Área de Trabalho\\Hugo\\Eng. de Software\\Projeto iGo\\Desenvolvimento\\Nova pasta\\mobile-app\\Frontend\\src\\components\\common\\IconButton.js","statementMap":{"0":{"start":{"line":5,"column":19},"end":{"line":20,"column":1}},"1":{"start":{"line":12,"column":2},"end":{"line":19,"column":4}},"2":{"start":{"line":22,"column":15},"end":{"line":26,"column":2}}},"fnMap":{"0":{"name":"(anonymous_0)","decl":{"start":{"line":5,"column":19},"end":{"line":5,"column":20}},"loc":{"start":{"line":11,"column":6},"end":{"line":20,"column":1}},"line":11}},"branchMap":{"0":{"loc":{"start":{"line":7,"column":2},"end":{"line":7,"column":11}},"type":"default-arg","locations":[{"start":{"line":7,"column":9},"end":{"line":7,"column":11}}],"line":7},"1":{"loc":{"start":{"line":8,"column":2},"end":{"line":8,"column":17}},"type":"default-arg","locations":[{"start":{"line":8,"column":10},"end":{"line":8,"column":17}}],"line":8}},"s":{"0":0,"1":0,"2":0},"f":{"0":0},"b":{"0":[0],"1":[0]}}
,"C:\\Users\\hugoc\\OneDrive\\Área de Trabalho\\Hugo\\Eng. de Software\\Projeto iGo\\Desenvolvimento\\Nova pasta\\mobile-app\\Frontend\\src\\components\\common\\Logout.js": {"path":"C:\\Users\\hugoc\\OneDrive\\Área de Trabalho\\Hugo\\Eng. de Software\\Projeto iGo\\Desenvolvimento\\Nova pasta\\mobile-app\\Frontend\\src\\components\\common\\Logout.js","statementMap":{"0":{"start":{"line":4,"column":27},"end":{"line":35,"column":1}},"1":{"start":{"line":5,"column":2},"end":{"line":34,"column":4}},"2":{"start":{"line":37,"column":15},"end":{"line":82,"column":2}}},"fnMap":{"0":{"name":"(anonymous_0)","decl":{"start":{"line":4,"column":27},"end":{"line":4,"column":28}},"loc":{"start":{"line":4,"column":65},"end":{"line":35,"column":1}},"line":4}},"branchMap":{},"s":{"0":0,"1":0,"2":0},"f":{"0":0},"b":{}}
,"C:\\Users\\hugoc\\OneDrive\\Área de Trabalho\\Hugo\\Eng. de Software\\Projeto iGo\\Desenvolvimento\\Nova pasta\\mobile-app\\Frontend\\src\\components\\common\\SearchBar.js": {"path":"C:\\Users\\hugoc\\OneDrive\\Área de Trabalho\\Hugo\\Eng. de Software\\Projeto iGo\\Desenvolvimento\\Nova pasta\\mobile-app\\Frontend\\src\\components\\common\\SearchBar.js","statementMap":{"0":{"start":{"line":5,"column":18},"end":{"line":22,"column":1}},"1":{"start":{"line":11,"column":2},"end":{"line":21,"column":4}},"2":{"start":{"line":24,"column":15},"end":{"line":45,"column":2}}},"fnMap":{"0":{"name":"(anonymous_0)","decl":{"start":{"line":5,"column":18},"end":{"line":5,"column":19}},"loc":{"start":{"line":10,"column":6},"end":{"line":22,"column":1}},"line":10}},"branchMap":{},"s":{"0":0,"1":0,"2":0},"f":{"0":0},"b":{}}
,"C:\\Users\\hugoc\\OneDrive\\Área de Trabalho\\Hugo\\Eng. de Software\\Projeto iGo\\Desenvolvimento\\Nova pasta\\mobile-app\\Frontend\\src\\components\\common\\UserIcon.js": {"path":"C:\\Users\\hugoc\\OneDrive\\Área de Trabalho\\Hugo\\Eng. de Software\\Projeto iGo\\Desenvolvimento\\Nova pasta\\mobile-app\\Frontend\\src\\components\\common\\UserIcon.js","statementMap":{"0":{"start":{"line":5,"column":17},"end":{"line":21,"column":1}},"1":{"start":{"line":7,"column":22},"end":{"line":7,"column":70}},"2":{"start":{"line":9,"column":2},"end":{"line":20,"column":4}},"3":{"start":{"line":23,"column":15},"end":{"line":47,"column":2}}},"fnMap":{"0":{"name":"(anonymous_0)","decl":{"start":{"line":5,"column":17},"end":{"line":5,"column":18}},"loc":{"start":{"line":5,"column":44},"end":{"line":21,"column":1}},"line":5}},"branchMap":{"0":{"loc":{"start":{"line":7,"column":22},"end":{"line":7,"column":70}},"type":"cond-expr","locations":[{"start":{"line":7,"column":33},"end":{"line":7,"column":65}},{"start":{"line":7,"column":68},"end":{"line":7,"column":70}}],"line":7},"1":{"loc":{"start":{"line":12,"column":9},"end":{"line":16,"column":9}},"type":"cond-expr","locations":[{"start":{"line":13,"column":10},"end":{"line":13,"column":62}},{"start":{"line":15,"column":10},"end":{"line":15,"column":65}}],"line":12},"2":{"loc":{"start":{"line":18,"column":51},"end":{"line":18,"column":72}},"type":"binary-expr","locations":[{"start":{"line":18,"column":51},"end":{"line":18,"column":59}},{"start":{"line":18,"column":63},"end":{"line":18,"column":72}}],"line":18}},"s":{"0":0,"1":0,"2":0,"3":0},"f":{"0":0},"b":{"0":[0,0],"1":[0,0],"2":[0,0]}}
,"C:\\Users\\hugoc\\OneDrive\\Área de Trabalho\\Hugo\\Eng. de Software\\Projeto iGo\\Desenvolvimento\\Nova pasta\\mobile-app\\Frontend\\src\\components\\help\\ContactSection.js": {"path":"C:\\Users\\hugoc\\OneDrive\\Área de Trabalho\\Hugo\\Eng. de Software\\Projeto iGo\\Desenvolvimento\\Nova pasta\\mobile-app\\Frontend\\src\\components\\help\\ContactSection.js","statementMap":{"0":{"start":{"line":4,"column":23},"end":{"line":16,"column":1}},"1":{"start":{"line":5,"column":2},"end":{"line":15,"column":4}},"2":{"start":{"line":18,"column":15},"end":{"line":40,"column":2}}},"fnMap":{"0":{"name":"(anonymous_0)","decl":{"start":{"line":4,"column":23},"end":{"line":4,"column":24}},"loc":{"start":{"line":4,"column":47},"end":{"line":16,"column":1}},"line":4}},"branchMap":{},"s":{"0":0,"1":0,"2":0},"f":{"0":0},"b":{}}
,"C:\\Users\\hugoc\\OneDrive\\Área de Trabalho\\Hugo\\Eng. de Software\\Projeto iGo\\Desenvolvimento\\Nova pasta\\mobile-app\\Frontend\\src\\components\\help\\HelpItem.js": {"path":"C:\\Users\\hugoc\\OneDrive\\Área de Trabalho\\Hugo\\Eng. de Software\\Projeto iGo\\Desenvolvimento\\Nova pasta\\mobile-app\\Frontend\\src\\components\\help\\HelpItem.js","statementMap":{"0":{"start":{"line":5,"column":17},"end":{"line":20,"column":1}},"1":{"start":{"line":11,"column":2},"end":{"line":19,"column":4}},"2":{"start":{"line":22,"column":15},"end":{"line":42,"column":2}}},"fnMap":{"0":{"name":"(anonymous_0)","decl":{"start":{"line":5,"column":17},"end":{"line":5,"column":18}},"loc":{"start":{"line":10,"column":6},"end":{"line":20,"column":1}},"line":10}},"branchMap":{"0":{"loc":{"start":{"line":9,"column":2},"end":{"line":9,"column":23}},"type":"default-arg","locations":[{"start":{"line":9,"column":14},"end":{"line":9,"column":23}}],"line":9}},"s":{"0":0,"1":0,"2":0},"f":{"0":0},"b":{"0":[0]}}
,"C:\\Users\\hugoc\\OneDrive\\Área de Trabalho\\Hugo\\Eng. de Software\\Projeto iGo\\Desenvolvimento\\Nova pasta\\mobile-app\\Frontend\\src\\components\\home\\AlertBox.js": {"path":"C:\\Users\\hugoc\\OneDrive\\Área de Trabalho\\Hugo\\Eng. de Software\\Projeto iGo\\Desenvolvimento\\Nova pasta\\mobile-app\\Frontend\\src\\components\\home\\AlertBox.js","statementMap":{"0":{"start":{"line":5,"column":17},"end":{"line":22,"column":1}},"1":{"start":{"line":9,"column":2},"end":{"line":21,"column":4}},"2":{"start":{"line":24,"column":15},"end":{"line":46,"column":2}}},"fnMap":{"0":{"name":"(anonymous_0)","decl":{"start":{"line":5,"column":17},"end":{"line":5,"column":18}},"loc":{"start":{"line":8,"column":6},"end":{"line":22,"column":1}},"line":8}},"branchMap":{"0":{"loc":{"start":{"line":15,"column":7},"end":{"line":19,"column":7}},"type":"binary-expr","locations":[{"start":{"line":15,"column":7},"end":{"line":15,"column":18}},{"start":{"line":16,"column":8},"end":{"line":18,"column":27}}],"line":15}},"s":{"0":0,"1":0,"2":0},"f":{"0":0},"b":{"0":[0,0]}}
,"C:\\Users\\hugoc\\OneDrive\\Área de Trabalho\\Hugo\\Eng. de Software\\Projeto iGo\\Desenvolvimento\\Nova pasta\\mobile-app\\Frontend\\src\\components\\home\\BottomUserBar.js": {"path":"C:\\Users\\hugoc\\OneDrive\\Área de Trabalho\\Hugo\\Eng. de Software\\Projeto iGo\\Desenvolvimento\\Nova pasta\\mobile-app\\Frontend\\src\\components\\home\\BottomUserBar.js","statementMap":{"0":{"start":{"line":6,"column":22},"end":{"line":18,"column":1}},"1":{"start":{"line":7,"column":2},"end":{"line":17,"column":4}},"2":{"start":{"line":20,"column":15},"end":{"line":50,"column":2}}},"fnMap":{"0":{"name":"(anonymous_0)","decl":{"start":{"line":6,"column":22},"end":{"line":6,"column":23}},"loc":{"start":{"line":6,"column":40},"end":{"line":18,"column":1}},"line":6}},"branchMap":{},"s":{"0":0,"1":0,"2":0},"f":{"0":0},"b":{}}
,"C:\\Users\\hugoc\\OneDrive\\Área de Trabalho\\Hugo\\Eng. de Software\\Projeto iGo\\Desenvolvimento\\Nova pasta\\mobile-app\\Frontend\\src\\components\\home\\DateCard.js": {"path":"C:\\Users\\hugoc\\OneDrive\\Área de Trabalho\\Hugo\\Eng. de Software\\Projeto iGo\\Desenvolvimento\\Nova pasta\\mobile-app\\Frontend\\src\\components\\home\\DateCard.js","statementMap":{"0":{"start":{"line":5,"column":17},"end":{"line":22,"column":1}},"1":{"start":{"line":11,"column":2},"end":{"line":21,"column":4}},"2":{"start":{"line":24,"column":15},"end":{"line":47,"column":2}}},"fnMap":{"0":{"name":"(anonymous_0)","decl":{"start":{"line":5,"column":17},"end":{"line":5,"column":18}},"loc":{"start":{"line":10,"column":6},"end":{"line":22,"column":1}},"line":10}},"branchMap":{},"s":{"0":0,"1":0,"2":0},"f":{"0":0},"b":{}}
,"C:\\Users\\hugoc\\OneDrive\\Área de Trabalho\\Hugo\\Eng. de Software\\Projeto iGo\\Desenvolvimento\\Nova pasta\\mobile-app\\Frontend\\src\\components\\home\\MapContainer.js": {"path":"C:\\Users\\hugoc\\OneDrive\\Área de Trabalho\\Hugo\\Eng. de Software\\Projeto iGo\\Desenvolvimento\\Nova pasta\\mobile-app\\Frontend\\src\\components\\home\\MapContainer.js","statementMap":{"0":{"start":{"line":4,"column":21},"end":{"line":14,"column":1}},"1":{"start":{"line":5,"column":2},"end":{"line":13,"column":4}},"2":{"start":{"line":16,"column":15},"end":{"line":29,"column":2}}},"fnMap":{"0":{"name":"(anonymous_0)","decl":{"start":{"line":4,"column":21},"end":{"line":4,"column":22}},"loc":{"start":{"line":4,"column":37},"end":{"line":14,"column":1}},"line":4}},"branchMap":{},"s":{"0":0,"1":0,"2":0},"f":{"0":0},"b":{}}
,"C:\\Users\\hugoc\\OneDrive\\Área de Trabalho\\Hugo\\Eng. de Software\\Projeto iGo\\Desenvolvimento\\Nova pasta\\mobile-app\\Frontend\\src\\components\\home\\StatusSwitch.js": {"path":"C:\\Users\\hugoc\\OneDrive\\Área de Trabalho\\Hugo\\Eng. de Software\\Projeto iGo\\Desenvolvimento\\Nova pasta\\mobile-app\\Frontend\\src\\components\\home\\StatusSwitch.js","statementMap":{"0":{"start":{"line":5,"column":21},"end":{"line":25,"column":1}},"1":{"start":{"line":10,"column":2},"end":{"line":24,"column":4}},"2":{"start":{"line":27,"column":15},"end":{"line":47,"column":2}}},"fnMap":{"0":{"name":"(anonymous_0)","decl":{"start":{"line":5,"column":21},"end":{"line":5,"column":22}},"loc":{"start":{"line":9,"column":6},"end":{"line":25,"column":1}},"line":9}},"branchMap":{"0":{"loc":{"start":{"line":16,"column":20},"end":{"line":16,"column":49}},"type":"cond-expr","locations":[{"start":{"line":16,"column":28},"end":{"line":16,"column":37}},{"start":{"line":16,"column":40},"end":{"line":16,"column":49}}],"line":16}},"s":{"0":0,"1":0,"2":0},"f":{"0":0},"b":{"0":[0,0]}}
,"C:\\Users\\hugoc\\OneDrive\\Área de Trabalho\\Hugo\\Eng. de Software\\Projeto iGo\\Desenvolvimento\\Nova pasta\\mobile-app\\Frontend\\src\\components\\home\\TravelModeSelector.js": {"path":"C:\\Users\\hugoc\\OneDrive\\Área de Trabalho\\Hugo\\Eng. de Software\\Projeto iGo\\Desenvolvimento\\Nova pasta\\mobile-app\\Frontend\\src\\components\\home\\TravelModeSelector.js","statementMap":{"0":{"start":{"line":5,"column":27},"end":{"line":45,"column":1}},"1":{"start":{"line":9,"column":16},"end":{"line":25,"column":3}},"2":{"start":{"line":27,"column":2},"end":{"line":44,"column":4}},"3":{"start":{"line":30,"column":8},"end":{"line":41,"column":15}},"4":{"start":{"line":36,"column":27},"end":{"line":36,"column":49}},"5":{"start":{"line":47,"column":15},"end":{"line":82,"column":2}}},"fnMap":{"0":{"name":"(anonymous_0)","decl":{"start":{"line":5,"column":27},"end":{"line":5,"column":28}},"loc":{"start":{"line":8,"column":6},"end":{"line":45,"column":1}},"line":8},"1":{"name":"(anonymous_1)","decl":{"start":{"line":29,"column":17},"end":{"line":29,"column":18}},"loc":{"start":{"line":30,"column":8},"end":{"line":41,"column":15}},"line":30},"2":{"name":"(anonymous_2)","decl":{"start":{"line":36,"column":21},"end":{"line":36,"column":22}},"loc":{"start":{"line":36,"column":27},"end":{"line":36,"column":49}},"line":36}},"branchMap":{"0":{"loc":{"start":{"line":32,"column":13},"end":{"line":32,"column":82}},"type":"binary-expr","locations":[{"start":{"line":32,"column":13},"end":{"line":32,"column":38}},{"start":{"line":32,"column":42},"end":{"line":32,"column":82}}],"line":32}},"s":{"0":0,"1":0,"2":0,"3":0,"4":0,"5":0},"f":{"0":0,"1":0,"2":0},"b":{"0":[0,0]}}
,"C:\\Users\\hugoc\\OneDrive\\Área de Trabalho\\Hugo\\Eng. de Software\\Projeto iGo\\Desenvolvimento\\Nova pasta\\mobile-app\\Frontend\\src\\components\\passengers\\AddPassengerButton.js": {"path":"C:\\Users\\hugoc\\OneDrive\\Área de Trabalho\\Hugo\\Eng. de Software\\Projeto iGo\\Desenvolvimento\\Nova pasta\\mobile-app\\Frontend\\src\\components\\passengers\\AddPassengerButton.js","statementMap":{"0":{"start":{"line":4,"column":27},"end":{"line":13,"column":1}},"1":{"start":{"line":5,"column":2},"end":{"line":12,"column":4}},"2":{"start":{"line":15,"column":15},"end":{"line":26,"column":2}}},"fnMap":{"0":{"name":"(anonymous_0)","decl":{"start":{"line":4,"column":27},"end":{"line":4,"column":28}},"loc":{"start":{"line":4,"column":44},"end":{"line":13,"column":1}},"line":4}},"branchMap":{},"s":{"0":0,"1":0,"2":0},"f":{"0":0},"b":{}}
,"C:\\Users\\hugoc\\OneDrive\\Área de Trabalho\\Hugo\\Eng. de Software\\Projeto iGo\\Desenvolvimento\\Nova pasta\\mobile-app\\Frontend\\src\\components\\passengers\\PassengerItem.js": {"path":"C:\\Users\\hugoc\\OneDrive\\Área de Trabalho\\Hugo\\Eng. de Software\\Projeto iGo\\Desenvolvimento\\Nova pasta\\mobile-app\\Frontend\\src\\components\\passengers\\PassengerItem.js","statementMap":{"0":{"start":{"line":5,"column":22},"end":{"line":22,"column":1}},"1":{"start":{"line":10,"column":2},"end":{"line":21,"column":4}},"2":{"start":{"line":24,"column":15},"end":{"line":50,"column":2}}},"fnMap":{"0":{"name":"(anonymous_0)","decl":{"start":{"line":5,"column":22},"end":{"line":5,"column":23}},"loc":{"start":{"line":9,"column":6},"end":{"line":22,"column":1}},"line":9}},"branchMap":{"0":{"loc":{"start":{"line":13,"column":9},"end":{"line":17,"column":9}},"type":"cond-expr","locations":[{"start":{"line":14,"column":10},"end":{"line":14,"column":57}},{"start":{"line":16,"column":10},"end":{"line":16,"column":65}}],"line":13}},"s":{"0":0,"1":0,"2":0},"f":{"0":0},"b":{"0":[0,0]}}
,"C:\\Users\\hugoc\\OneDrive\\Área de Trabalho\\Hugo\\Eng. de Software\\Projeto iGo\\Desenvolvimento\\Nova pasta\\mobile-app\\Frontend\\src\\constants\\colors.js": {"path":"C:\\Users\\hugoc\\OneDrive\\Área de Trabalho\\Hugo\\Eng. de Software\\Projeto iGo\\Desenvolvimento\\Nova pasta\\mobile-app\\Frontend\\src\\constants\\colors.js","statementMap":{},"fnMap":{},"branchMap":{},"s":{},"f":{},"b":{}}
,"C:\\Users\\hugoc\\OneDrive\\Área de Trabalho\\Hugo\\Eng. de Software\\Projeto iGo\\Desenvolvimento\\Nova pasta\\mobile-app\\Frontend\\src\\constants\\icons.js": {"path":"C:\\Users\\hugoc\\OneDrive\\Área de Trabalho\\Hugo\\Eng. de Software\\Projeto iGo\\Desenvolvimento\\Nova pasta\\mobile-app\\Frontend\\src\\constants\\icons.js","statementMap":{},"fnMap":{},"branchMap":{},"s":{},"f":{},"b":{}}
,"C:\\Users\\hugoc\\OneDrive\\Área de Trabalho\\Hugo\\Eng. de Software\\Projeto iGo\\Desenvolvimento\\Nova pasta\\mobile-app\\Frontend\\src\\navigation\\BottomTabNavigator.js": {"path":"C:\\Users\\hugoc\\OneDrive\\Área de Trabalho\\Hugo\\Eng. de Software\\Projeto iGo\\Desenvolvimento\\Nova pasta\\mobile-app\\Frontend\\src\\navigation\\BottomTabNavigator.js","statementMap":{"0":{"start":{"line":9,"column":18},"end":{"line":9,"column":44}},"1":{"start":{"line":11,"column":27},"end":{"line":42,"column":1}},"2":{"start":{"line":12,"column":2},"end":{"line":41,"column":4}},"3":{"start":{"line":15,"column":37},"end":{"line":30,"column":7}},"4":{"start":{"line":20,"column":10},"end":{"line":24,"column":11}},"5":{"start":{"line":21,"column":12},"end":{"line":21,"column":30}},"6":{"start":{"line":22,"column":17},"end":{"line":24,"column":11}},"7":{"start":{"line":23,"column":12},"end":{"line":23,"column":32}},"8":{"start":{"line":26,"column":10},"end":{"line":26,"column":77}}},"fnMap":{"0":{"name":"(anonymous_0)","decl":{"start":{"line":11,"column":27},"end":{"line":11,"column":28}},"loc":{"start":{"line":11,"column":33},"end":{"line":42,"column":1}},"line":11},"1":{"name":"(anonymous_1)","decl":{"start":{"line":15,"column":21},"end":{"line":15,"column":22}},"loc":{"start":{"line":15,"column":37},"end":{"line":30,"column":7}},"line":15},"2":{"name":"(anonymous_2)","decl":{"start":{"line":17,"column":20},"end":{"line":17,"column":21}},"loc":{"start":{"line":17,"column":41},"end":{"line":27,"column":9}},"line":17}},"branchMap":{"0":{"loc":{"start":{"line":20,"column":10},"end":{"line":24,"column":11}},"type":"if","locations":[{"start":{"line":20,"column":10},"end":{"line":24,"column":11}},{"start":{"line":22,"column":17},"end":{"line":24,"column":11}}],"line":20},"1":{"loc":{"start":{"line":22,"column":17},"end":{"line":24,"column":11}},"type":"if","locations":[{"start":{"line":22,"column":17},"end":{"line":24,"column":11}},{"start":{},"end":{}}],"line":22}},"s":{"0":0,"1":0,"2":0,"3":0,"4":0,"5":0,"6":0,"7":0,"8":0},"f":{"0":0,"1":0,"2":0},"b":{"0":[0,0],"1":[0,0]}}
,"C:\\Users\\hugoc\\OneDrive\\Área de Trabalho\\Hugo\\Eng. de Software\\Projeto iGo\\Desenvolvimento\\Nova pasta\\mobile-app\\Frontend\\src\\navigation\\StackNavigator.js": {"path":"C:\\Users\\hugoc\\OneDrive\\Área de Trabalho\\Hugo\\Eng. de Software\\Projeto iGo\\Desenvolvimento\\Nova pasta\\mobile-app\\Frontend\\src\\navigation\\StackNavigator.js","statementMap":{"0":{"start":{"line":22,"column":14},"end":{"line":22,"column":36}},"1":{"start":{"line":24,"column":23},"end":{"line":71,"column":1}},"2":{"start":{"line":25,"column":2},"end":{"line":70,"column":4}}},"fnMap":{"0":{"name":"(anonymous_0)","decl":{"start":{"line":24,"column":23},"end":{"line":24,"column":24}},"loc":{"start":{"line":24,"column":29},"end":{"line":71,"column":1}},"line":24}},"branchMap":{},"s":{"0":0,"1":0,"2":0},"f":{"0":0},"b":{}}
,"C:\\Users\\hugoc\\OneDrive\\Área de Trabalho\\Hugo\\Eng. de Software\\Projeto iGo\\Desenvolvimento\\Nova pasta\\mobile-app\\Frontend\\src\\screens\\CommonScreens\\EditAddressesScreen.js": {"path":"C:\\Users\\hugoc\\OneDrive\\Área de Trabalho\\Hugo\\Eng. de Software\\Projeto iGo\\Desenvolvimento\\Nova pasta\\mobile-app\\Frontend\\src\\screens\\CommonScreens\\EditAddressesScreen.js","statementMap":{"0":{"start":{"line":6,"column":28},"end":{"line":127,"column":1}},"1":{"start":{"line":7,"column":40},"end":{"line":7,"column":56}},"2":{"start":{"line":8,"column":40},"end":{"line":15,"column":4}},"3":{"start":{"line":17,"column":23},"end":{"line":19,"column":3}},"4":{"start":{"line":18,"column":4},"end":{"line":18,"column":58}},"5":{"start":{"line":18,"column":28},"end":{"line":18,"column":55}},"6":{"start":{"line":21,"column":21},"end":{"line":24,"column":3}},"7":{"start":{"line":23,"column":4},"end":{"line":23,"column":24}},"8":{"start":{"line":26,"column":2},"end":{"line":126,"column":4}},"9":{"start":{"line":29,"column":41},"end":{"line":29,"column":60}},"10":{"start":{"line":43,"column":29},"end":{"line":43,"column":51}},"11":{"start":{"line":52,"column":29},"end":{"line":52,"column":52}},"12":{"start":{"line":62,"column":36},"end":{"line":62,"column":61}},"13":{"start":{"line":71,"column":38},"end":{"line":71,"column":70}},"14":{"start":{"line":82,"column":36},"end":{"line":82,"column":64}},"15":{"start":{"line":90,"column":36},"end":{"line":90,"column":69}},"16":{"start":{"line":98,"column":38},"end":{"line":98,"column":66}},"17":{"start":{"line":110,"column":38},"end":{"line":110,"column":66}},"18":{"start":{"line":129,"column":15},"end":{"line":212,"column":2}}},"fnMap":{"0":{"name":"(anonymous_0)","decl":{"start":{"line":6,"column":28},"end":{"line":6,"column":29}},"loc":{"start":{"line":6,"column":48},"end":{"line":127,"column":1}},"line":6},"1":{"name":"(anonymous_1)","decl":{"start":{"line":17,"column":23},"end":{"line":17,"column":24}},"loc":{"start":{"line":17,"column":41},"end":{"line":19,"column":3}},"line":17},"2":{"name":"(anonymous_2)","decl":{"start":{"line":18,"column":19},"end":{"line":18,"column":20}},"loc":{"start":{"line":18,"column":28},"end":{"line":18,"column":55}},"line":18},"3":{"name":"(anonymous_3)","decl":{"start":{"line":21,"column":21},"end":{"line":21,"column":22}},"loc":{"start":{"line":21,"column":27},"end":{"line":24,"column":3}},"line":21},"4":{"name":"(anonymous_4)","decl":{"start":{"line":29,"column":35},"end":{"line":29,"column":36}},"loc":{"start":{"line":29,"column":41},"end":{"line":29,"column":60}},"line":29},"5":{"name":"(anonymous_5)","decl":{"start":{"line":43,"column":23},"end":{"line":43,"column":24}},"loc":{"start":{"line":43,"column":29},"end":{"line":43,"column":51}},"line":43},"6":{"name":"(anonymous_6)","decl":{"start":{"line":52,"column":23},"end":{"line":52,"column":24}},"loc":{"start":{"line":52,"column":29},"end":{"line":52,"column":52}},"line":52},"7":{"name":"(anonymous_7)","decl":{"start":{"line":62,"column":26},"end":{"line":62,"column":27}},"loc":{"start":{"line":62,"column":36},"end":{"line":62,"column":61}},"line":62},"8":{"name":"(anonymous_8)","decl":{"start":{"line":71,"column":28},"end":{"line":71,"column":29}},"loc":{"start":{"line":71,"column":38},"end":{"line":71,"column":70}},"line":71},"9":{"name":"(anonymous_9)","decl":{"start":{"line":82,"column":26},"end":{"line":82,"column":27}},"loc":{"start":{"line":82,"column":36},"end":{"line":82,"column":64}},"line":82},"10":{"name":"(anonymous_10)","decl":{"start":{"line":90,"column":26},"end":{"line":90,"column":27}},"loc":{"start":{"line":90,"column":36},"end":{"line":90,"column":69}},"line":90},"11":{"name":"(anonymous_11)","decl":{"start":{"line":98,"column":28},"end":{"line":98,"column":29}},"loc":{"start":{"line":98,"column":38},"end":{"line":98,"column":66}},"line":98},"12":{"name":"(anonymous_12)","decl":{"start":{"line":110,"column":28},"end":{"line":110,"column":29}},"loc":{"start":{"line":110,"column":38},"end":{"line":110,"column":66}},"line":110}},"branchMap":{"0":{"loc":{"start":{"line":41,"column":16},"end":{"line":41,"column":68}},"type":"binary-expr","locations":[{"start":{"line":41,"column":16},"end":{"line":41,"column":38}},{"start":{"line":41,"column":42},"end":{"line":41,"column":68}}],"line":41},"1":{"loc":{"start":{"line":50,"column":16},"end":{"line":50,"column":69}},"type":"binary-expr","locations":[{"start":{"line":50,"column":16},"end":{"line":50,"column":39}},{"start":{"line":50,"column":43},"end":{"line":50,"column":69}}],"line":50}},"s":{"0":0,"1":0,"2":0,"3":0,"4":0,"5":0,"6":0,"7":0,"8":0,"9":0,"10":0,"11":0,"12":0,"13":0,"14":0,"15":0,"16":0,"17":0,"18":0},"f":{"0":0,"1":0,"2":0,"3":0,"4":0,"5":0,"6":0,"7":0,"8":0,"9":0,"10":0,"11":0,"12":0},"b":{"0":[0,0],"1":[0,0]}}
,"C:\\Users\\hugoc\\OneDrive\\Área de Trabalho\\Hugo\\Eng. de Software\\Projeto iGo\\Desenvolvimento\\Nova pasta\\mobile-app\\Frontend\\src\\screens\\CommonScreens\\EditProfileScreen.js": {"path":"C:\\Users\\hugoc\\OneDrive\\Área de Trabalho\\Hugo\\Eng. de Software\\Projeto iGo\\Desenvolvimento\\Nova pasta\\mobile-app\\Frontend\\src\\screens\\CommonScreens\\EditProfileScreen.js","statementMap":{"0":{"start":{"line":6,"column":26},"end":{"line":103,"column":1}},"1":{"start":{"line":7,"column":34},"end":{"line":14,"column":4}},"2":{"start":{"line":16,"column":23},"end":{"line":18,"column":3}},"3":{"start":{"line":17,"column":4},"end":{"line":17,"column":55}},"4":{"start":{"line":17,"column":25},"end":{"line":17,"column":52}},"5":{"start":{"line":20,"column":21},"end":{"line":23,"column":3}},"6":{"start":{"line":22,"column":4},"end":{"line":22,"column":24}},"7":{"start":{"line":25,"column":31},"end":{"line":27,"column":3}},"8":{"start":{"line":26,"column":4},"end":{"line":26,"column":41}},"9":{"start":{"line":29,"column":2},"end":{"line":102,"column":4}},"10":{"start":{"line":32,"column":41},"end":{"line":32,"column":60}},"11":{"start":{"line":43,"column":36},"end":{"line":43,"column":62}},"12":{"start":{"line":50,"column":36},"end":{"line":50,"column":67}},"13":{"start":{"line":57,"column":36},"end":{"line":57,"column":61}},"14":{"start":{"line":65,"column":36},"end":{"line":65,"column":72}},"15":{"start":{"line":73,"column":36},"end":{"line":73,"column":63}},"16":{"start":{"line":82,"column":36},"end":{"line":82,"column":66}},"17":{"start":{"line":105,"column":15},"end":{"line":163,"column":2}}},"fnMap":{"0":{"name":"(anonymous_0)","decl":{"start":{"line":6,"column":26},"end":{"line":6,"column":27}},"loc":{"start":{"line":6,"column":53},"end":{"line":103,"column":1}},"line":6},"1":{"name":"(anonymous_1)","decl":{"start":{"line":16,"column":23},"end":{"line":16,"column":24}},"loc":{"start":{"line":16,"column":41},"end":{"line":18,"column":3}},"line":16},"2":{"name":"(anonymous_2)","decl":{"start":{"line":17,"column":16},"end":{"line":17,"column":17}},"loc":{"start":{"line":17,"column":25},"end":{"line":17,"column":52}},"line":17},"3":{"name":"(anonymous_3)","decl":{"start":{"line":20,"column":21},"end":{"line":20,"column":22}},"loc":{"start":{"line":20,"column":27},"end":{"line":23,"column":3}},"line":20},"4":{"name":"(anonymous_4)","decl":{"start":{"line":25,"column":31},"end":{"line":25,"column":32}},"loc":{"start":{"line":25,"column":37},"end":{"line":27,"column":3}},"line":25},"5":{"name":"(anonymous_5)","decl":{"start":{"line":32,"column":35},"end":{"line":32,"column":36}},"loc":{"start":{"line":32,"column":41},"end":{"line":32,"column":60}},"line":32},"6":{"name":"(anonymous_6)","decl":{"start":{"line":43,"column":26},"end":{"line":43,"column":27}},"loc":{"start":{"line":43,"column":36},"end":{"line":43,"column":62}},"line":43},"7":{"name":"(anonymous_7)","decl":{"start":{"line":50,"column":26},"end":{"line":50,"column":27}},"loc":{"start":{"line":50,"column":36},"end":{"line":50,"column":67}},"line":50},"8":{"name":"(anonymous_8)","decl":{"start":{"line":57,"column":26},"end":{"line":57,"column":27}},"loc":{"start":{"line":57,"column":36},"end":{"line":57,"column":61}},"line":57},"9":{"name":"(anonymous_9)","decl":{"start":{"line":65,"column":26},"end":{"line":65,"column":27}},"loc":{"start":{"line":65,"column":36},"end":{"line":65,"column":72}},"line":65},"10":{"name":"(anonymous_10)","decl":{"start":{"line":73,"column":26},"end":{"line":73,"column":27}},"loc":{"start":{"line":73,"column":36},"end":{"line":73,"column":63}},"line":73},"11":{"name":"(anonymous_11)","decl":{"start":{"line":82,"column":26},"end":{"line":82,"column":27}},"loc":{"start":{"line":82,"column":36},"end":{"line":82,"column":66}},"line":82}},"branchMap":{},"s":{"0":0,"1":0,"2":0,"3":0,"4":0,"5":0,"6":0,"7":0,"8":0,"9":0,"10":0,"11":0,"12":0,"13":0,"14":0,"15":0,"16":0,"17":0},"f":{"0":0,"1":0,"2":0,"3":0,"4":0,"5":0,"6":0,"7":0,"8":0,"9":0,"10":0,"11":0},"b":{}}
,"C:\\Users\\hugoc\\OneDrive\\Área de Trabalho\\Hugo\\Eng. de Software\\Projeto iGo\\Desenvolvimento\\Nova pasta\\mobile-app\\Frontend\\src\\screens\\CommonScreens\\ForgotPasswordScreen.js": {"path":"C:\\Users\\hugoc\\OneDrive\\Área de Trabalho\\Hugo\\Eng. de Software\\Projeto iGo\\Desenvolvimento\\Nova pasta\\mobile-app\\Frontend\\src\\screens\\CommonScreens\\ForgotPasswordScreen.js","statementMap":{"0":{"start":{"line":5,"column":28},"end":{"line":5,"column":40}},"1":{"start":{"line":8,"column":23},"end":{"line":11,"column":3}},"2":{"start":{"line":9,"column":23},"end":{"line":9,"column":73}},"3":{"start":{"line":10,"column":4},"end":{"line":10,"column":34}},"4":{"start":{"line":13,"column":31},"end":{"line":30,"column":3}},"5":{"start":{"line":14,"column":4},"end":{"line":14,"column":43}},"6":{"start":{"line":16,"column":4},"end":{"line":19,"column":5}},"7":{"start":{"line":17,"column":6},"end":{"line":17,"column":59}},"8":{"start":{"line":18,"column":6},"end":{"line":18,"column":13}},"9":{"start":{"line":21,"column":4},"end":{"line":25,"column":5}},"10":{"start":{"line":22,"column":6},"end":{"line":22,"column":55}},"11":{"start":{"line":23,"column":6},"end":{"line":23,"column":65}},"12":{"start":{"line":24,"column":6},"end":{"line":24,"column":13}},"13":{"start":{"line":28,"column":4},"end":{"line":28,"column":75}},"14":{"start":{"line":29,"column":4},"end":{"line":29,"column":41}},"15":{"start":{"line":32,"column":2},"end":{"line":57,"column":4}},"16":{"start":{"line":42,"column":10},"end":{"line":42,"column":32}},"17":{"start":{"line":43,"column":10},"end":{"line":43,"column":49}},"18":{"start":{"line":53,"column":39},"end":{"line":53,"column":58}},"19":{"start":{"line":60,"column":15},"end":{"line":105,"column":2}}},"fnMap":{"0":{"name":"ForgotPasswordScreen","decl":{"start":{"line":4,"column":24},"end":{"line":4,"column":44}},"loc":{"start":{"line":4,"column":61},"end":{"line":58,"column":1}},"line":4},"1":{"name":"(anonymous_1)","decl":{"start":{"line":8,"column":23},"end":{"line":8,"column":24}},"loc":{"start":{"line":8,"column":34},"end":{"line":11,"column":3}},"line":8},"2":{"name":"(anonymous_2)","decl":{"start":{"line":13,"column":31},"end":{"line":13,"column":32}},"loc":{"start":{"line":13,"column":37},"end":{"line":30,"column":3}},"line":13},"3":{"name":"(anonymous_3)","decl":{"start":{"line":41,"column":22},"end":{"line":41,"column":23}},"loc":{"start":{"line":41,"column":32},"end":{"line":44,"column":9}},"line":41},"4":{"name":"(anonymous_4)","decl":{"start":{"line":53,"column":33},"end":{"line":53,"column":34}},"loc":{"start":{"line":53,"column":39},"end":{"line":53,"column":58}},"line":53}},"branchMap":{"0":{"loc":{"start":{"line":16,"column":4},"end":{"line":19,"column":5}},"type":"if","locations":[{"start":{"line":16,"column":4},"end":{"line":19,"column":5}},{"start":{},"end":{}}],"line":16},"1":{"loc":{"start":{"line":21,"column":4},"end":{"line":25,"column":5}},"type":"if","locations":[{"start":{"line":21,"column":4},"end":{"line":25,"column":5}},{"start":{},"end":{}}],"line":21}},"s":{"0":0,"1":0,"2":0,"3":0,"4":0,"5":0,"6":0,"7":0,"8":0,"9":0,"10":0,"11":0,"12":0,"13":0,"14":0,"15":0,"16":0,"17":0,"18":0,"19":0},"f":{"0":0,"1":0,"2":0,"3":0,"4":0},"b":{"0":[0,0],"1":[0,0]}}
,"C:\\Users\\hugoc\\OneDrive\\Área de Trabalho\\Hugo\\Eng. de Software\\Projeto iGo\\Desenvolvimento\\Nova pasta\\mobile-app\\Frontend\\src\\screens\\CommonScreens\\LoginScreen.js": {"path":"C:\\Users\\hugoc\\OneDrive\\Área de Trabalho\\Hugo\\Eng. de Software\\Projeto iGo\\Desenvolvimento\\Nova pasta\\mobile-app\\Frontend\\src\\screens\\CommonScreens\\LoginScreen.js","statementMap":{"0":{"start":{"line":6,"column":28},"end":{"line":6,"column":40}},"1":{"start":{"line":7,"column":34},"end":{"line":7,"column":46}},"2":{"start":{"line":9,"column":23},"end":{"line":13,"column":3}},"3":{"start":{"line":11,"column":23},"end":{"line":11,"column":51}},"4":{"start":{"line":12,"column":4},"end":{"line":12,"column":34}},"5":{"start":{"line":15,"column":22},"end":{"line":36,"column":3}},"6":{"start":{"line":17,"column":4},"end":{"line":20,"column":5}},"7":{"start":{"line":18,"column":6},"end":{"line":18,"column":63}},"8":{"start":{"line":19,"column":6},"end":{"line":19,"column":13}},"9":{"start":{"line":22,"column":4},"end":{"line":25,"column":5}},"10":{"start":{"line":23,"column":6},"end":{"line":23,"column":65}},"11":{"start":{"line":24,"column":6},"end":{"line":24,"column":13}},"12":{"start":{"line":27,"column":4},"end":{"line":29,"column":5}},"13":{"start":{"line":28,"column":6},"end":{"line":28,"column":49}},"14":{"start":{"line":31,"column":4},"end":{"line":33,"column":5}},"15":{"start":{"line":32,"column":6},"end":{"line":32,"column":46}},"16":{"start":{"line":38,"column":2},"end":{"line":84,"column":4}},"17":{"start":{"line":68,"column":23},"end":{"line":68,"column":60}},"18":{"start":{"line":79,"column":41},"end":{"line":79,"column":70}},"19":{"start":{"line":87,"column":15},"end":{"line":156,"column":2}}},"fnMap":{"0":{"name":"LoginScreen","decl":{"start":{"line":5,"column":24},"end":{"line":5,"column":35}},"loc":{"start":{"line":5,"column":52},"end":{"line":85,"column":1}},"line":5},"1":{"name":"(anonymous_1)","decl":{"start":{"line":9,"column":23},"end":{"line":9,"column":24}},"loc":{"start":{"line":9,"column":34},"end":{"line":13,"column":3}},"line":9},"2":{"name":"(anonymous_2)","decl":{"start":{"line":15,"column":22},"end":{"line":15,"column":23}},"loc":{"start":{"line":15,"column":28},"end":{"line":36,"column":3}},"line":15},"3":{"name":"(anonymous_3)","decl":{"start":{"line":68,"column":17},"end":{"line":68,"column":18}},"loc":{"start":{"line":68,"column":23},"end":{"line":68,"column":60}},"line":68},"4":{"name":"(anonymous_4)","decl":{"start":{"line":79,"column":35},"end":{"line":79,"column":36}},"loc":{"start":{"line":79,"column":41},"end":{"line":79,"column":70}},"line":79}},"branchMap":{"0":{"loc":{"start":{"line":17,"column":4},"end":{"line":20,"column":5}},"type":"if","locations":[{"start":{"line":17,"column":4},"end":{"line":20,"column":5}},{"start":{},"end":{}}],"line":17},"1":{"loc":{"start":{"line":17,"column":8},"end":{"line":17,"column":27}},"type":"binary-expr","locations":[{"start":{"line":17,"column":8},"end":{"line":17,"column":14}},{"start":{"line":17,"column":18},"end":{"line":17,"column":27}}],"line":17},"2":{"loc":{"start":{"line":22,"column":4},"end":{"line":25,"column":5}},"type":"if","locations":[{"start":{"line":22,"column":4},"end":{"line":25,"column":5}},{"start":{},"end":{}}],"line":22},"3":{"loc":{"start":{"line":27,"column":4},"end":{"line":29,"column":5}},"type":"if","locations":[{"start":{"line":27,"column":4},"end":{"line":29,"column":5}},{"start":{},"end":{}}],"line":27},"4":{"loc":{"start":{"line":31,"column":4},"end":{"line":33,"column":5}},"type":"if","locations":[{"start":{"line":31,"column":4},"end":{"line":33,"column":5}},{"start":{},"end":{}}],"line":31}},"s":{"0":13,"1":13,"2":13,"3":3,"4":3,"5":13,"6":4,"7":1,"8":1,"9":3,"10":1,"11":1,"12":2,"13":1,"14":2,"15":1,"16":13,"17":1,"18":1,"19":1},"f":{"0":13,"1":3,"2":4,"3":1,"4":1},"b":{"0":[1,3],"1":[4,3],"2":[1,2],"3":[1,1],"4":[1,1]},"_coverageSchema":"1a1c01bbd47fc00a2c39e90264f33305004495a9","hash":"4f7b114b80dda47424178cf413824b0652a01439"}
,"C:\\Users\\hugoc\\OneDrive\\Área de Trabalho\\Hugo\\Eng. de Software\\Projeto iGo\\Desenvolvimento\\Nova pasta\\mobile-app\\Frontend\\src\\screens\\CommonScreens\\ResetPasswordScreen.js": {"path":"C:\\Users\\hugoc\\OneDrive\\Área de Trabalho\\Hugo\\Eng. de Software\\Projeto iGo\\Desenvolvimento\\Nova pasta\\mobile-app\\Frontend\\src\\screens\\CommonScreens\\ResetPasswordScreen.js","statementMap":{"0":{"start":{"line":6,"column":26},"end":{"line":6,"column":38}},"1":{"start":{"line":7,"column":40},"end":{"line":7,"column":52}},"2":{"start":{"line":8,"column":48},"end":{"line":8,"column":60}},"3":{"start":{"line":10,"column":30},"end":{"line":23,"column":3}},"4":{"start":{"line":11,"column":4},"end":{"line":14,"column":5}},"5":{"start":{"line":12,"column":6},"end":{"line":12,"column":63}},"6":{"start":{"line":13,"column":6},"end":{"line":13,"column":13}},"7":{"start":{"line":16,"column":4},"end":{"line":19,"column":5}},"8":{"start":{"line":17,"column":6},"end":{"line":17,"column":54}},"9":{"start":{"line":18,"column":6},"end":{"line":18,"column":13}},"10":{"start":{"line":21,"column":4},"end":{"line":21,"column":68}},"11":{"start":{"line":22,"column":4},"end":{"line":22,"column":33}},"12":{"start":{"line":25,"column":2},"end":{"line":60,"column":4}},"13":{"start":{"line":63,"column":15},"end":{"line":104,"column":2}}},"fnMap":{"0":{"name":"ResetPasswordScreen","decl":{"start":{"line":5,"column":24},"end":{"line":5,"column":43}},"loc":{"start":{"line":5,"column":60},"end":{"line":61,"column":1}},"line":5},"1":{"name":"(anonymous_1)","decl":{"start":{"line":10,"column":30},"end":{"line":10,"column":31}},"loc":{"start":{"line":10,"column":36},"end":{"line":23,"column":3}},"line":10}},"branchMap":{"0":{"loc":{"start":{"line":11,"column":4},"end":{"line":14,"column":5}},"type":"if","locations":[{"start":{"line":11,"column":4},"end":{"line":14,"column":5}},{"start":{},"end":{}}],"line":11},"1":{"loc":{"start":{"line":11,"column":8},"end":{"line":11,"column":49}},"type":"binary-expr","locations":[{"start":{"line":11,"column":8},"end":{"line":11,"column":13}},{"start":{"line":11,"column":17},"end":{"line":11,"column":29}},{"start":{"line":11,"column":33},"end":{"line":11,"column":49}}],"line":11},"2":{"loc":{"start":{"line":16,"column":4},"end":{"line":19,"column":5}},"type":"if","locations":[{"start":{"line":16,"column":4},"end":{"line":19,"column":5}},{"start":{},"end":{}}],"line":16}},"s":{"0":0,"1":0,"2":0,"3":0,"4":0,"5":0,"6":0,"7":0,"8":0,"9":0,"10":0,"11":0,"12":0,"13":0},"f":{"0":0,"1":0},"b":{"0":[0,0],"1":[0,0,0],"2":[0,0]}}
,"C:\\Users\\hugoc\\OneDrive\\Área de Trabalho\\Hugo\\Eng. de Software\\Projeto iGo\\Desenvolvimento\\Nova pasta\\mobile-app\\Frontend\\src\\screens\\CommonScreens\\SignUpScreen.js": {"path":"C:\\Users\\hugoc\\OneDrive\\Área de Trabalho\\Hugo\\Eng. de Software\\Projeto iGo\\Desenvolvimento\\Nova pasta\\mobile-app\\Frontend\\src\\screens\\CommonScreens\\SignUpScreen.js","statementMap":{"0":{"start":{"line":5,"column":26},"end":{"line":5,"column":38}},"1":{"start":{"line":6,"column":32},"end":{"line":6,"column":44}},"2":{"start":{"line":7,"column":28},"end":{"line":7,"column":40}},"3":{"start":{"line":8,"column":28},"end":{"line":8,"column":40}},"4":{"start":{"line":9,"column":24},"end":{"line":9,"column":36}},"5":{"start":{"line":10,"column":24},"end":{"line":10,"column":36}},"6":{"start":{"line":13,"column":23},"end":{"line":16,"column":3}},"7":{"start":{"line":14,"column":23},"end":{"line":14,"column":73}},"8":{"start":{"line":15,"column":4},"end":{"line":15,"column":34}},"9":{"start":{"line":19,"column":21},"end":{"line":21,"column":3}},"10":{"start":{"line":20,"column":4},"end":{"line":20,"column":29}},"11":{"start":{"line":23,"column":22},"end":{"line":25,"column":3}},"12":{"start":{"line":24,"column":4},"end":{"line":24,"column":29}},"13":{"start":{"line":27,"column":23},"end":{"line":29,"column":3}},"14":{"start":{"line":28,"column":4},"end":{"line":28,"column":30}},"15":{"start":{"line":31,"column":20},"end":{"line":37,"column":4}},"16":{"start":{"line":32,"column":4},"end":{"line":32,"column":37}},"17":{"start":{"line":33,"column":4},"end":{"line":33,"column":51}},"18":{"start":{"line":34,"column":4},"end":{"line":34,"column":63}},"19":{"start":{"line":35,"column":4},"end":{"line":35,"column":53}},"20":{"start":{"line":36,"column":4},"end":{"line":36,"column":34}},"21":{"start":{"line":39,"column":21},"end":{"line":44,"column":3}},"22":{"start":{"line":40,"column":4},"end":{"line":40,"column":37}},"23":{"start":{"line":41,"column":4},"end":{"line":41,"column":51}},"24":{"start":{"line":42,"column":4},"end":{"line":42,"column":63}},"25":{"start":{"line":43,"column":4},"end":{"line":43,"column":34}},"26":{"start":{"line":47,"column":22},"end":{"line":63,"column":3}},"27":{"start":{"line":48,"column":4},"end":{"line":48,"column":37}},"28":{"start":{"line":50,"column":4},"end":{"line":52,"column":5}},"29":{"start":{"line":51,"column":6},"end":{"line":51,"column":26}},"30":{"start":{"line":54,"column":4},"end":{"line":60,"column":5}},"31":{"start":{"line":55,"column":6},"end":{"line":55,"column":55}},"32":{"start":{"line":56,"column":6},"end":{"line":56,"column":52}},"33":{"start":{"line":58,"column":6},"end":{"line":58,"column":55}},"34":{"start":{"line":59,"column":6},"end":{"line":59,"column":52}},"35":{"start":{"line":62,"column":4},"end":{"line":62,"column":34}},"36":{"start":{"line":65,"column":23},"end":{"line":100,"column":3}},"37":{"start":{"line":66,"column":4},"end":{"line":66,"column":31}},"38":{"start":{"line":67,"column":4},"end":{"line":67,"column":39}},"39":{"start":{"line":68,"column":4},"end":{"line":68,"column":34}},"40":{"start":{"line":69,"column":4},"end":{"line":69,"column":36}},"41":{"start":{"line":70,"column":4},"end":{"line":70,"column":29}},"42":{"start":{"line":71,"column":4},"end":{"line":71,"column":44}},"43":{"start":{"line":73,"column":4},"end":{"line":76,"column":5}},"44":{"start":{"line":74,"column":6},"end":{"line":74,"column":63}},"45":{"start":{"line":75,"column":6},"end":{"line":75,"column":13}},"46":{"start":{"line":78,"column":4},"end":{"line":81,"column":5}},"47":{"start":{"line":79,"column":6},"end":{"line":79,"column":65}},"48":{"start":{"line":80,"column":6},"end":{"line":80,"column":13}},"49":{"start":{"line":83,"column":4},"end":{"line":86,"column":5}},"50":{"start":{"line":84,"column":6},"end":{"line":84,"column":89}},"51":{"start":{"line":85,"column":6},"end":{"line":85,"column":13}},"52":{"start":{"line":88,"column":4},"end":{"line":91,"column":5}},"53":{"start":{"line":89,"column":6},"end":{"line":89,"column":79}},"54":{"start":{"line":90,"column":6},"end":{"line":90,"column":13}},"55":{"start":{"line":93,"column":4},"end":{"line":96,"column":5}},"56":{"start":{"line":94,"column":6},"end":{"line":94,"column":84}},"57":{"start":{"line":95,"column":6},"end":{"line":95,"column":13}},"58":{"start":{"line":98,"column":4},"end":{"line":98,"column":62}},"59":{"start":{"line":99,"column":4},"end":{"line":99,"column":37}},"60":{"start":{"line":102,"column":2},"end":{"line":158,"column":4}},"61":{"start":{"line":130,"column":32},"end":{"line":130,"column":59}},"62":{"start":{"line":137,"column":32},"end":{"line":137,"column":55}},"63":{"start":{"line":144,"column":32},"end":{"line":144,"column":56}},"64":{"start":{"line":152,"column":39},"end":{"line":152,"column":58}},"65":{"start":{"line":161,"column":15},"end":{"line":200,"column":2}}},"fnMap":{"0":{"name":"SignUpScreen","decl":{"start":{"line":4,"column":24},"end":{"line":4,"column":36}},"loc":{"start":{"line":4,"column":53},"end":{"line":159,"column":1}},"line":4},"1":{"name":"(anonymous_1)","decl":{"start":{"line":13,"column":23},"end":{"line":13,"column":24}},"loc":{"start":{"line":13,"column":34},"end":{"line":16,"column":3}},"line":13},"2":{"name":"(anonymous_2)","decl":{"start":{"line":19,"column":21},"end":{"line":19,"column":22}},"loc":{"start":{"line":19,"column":30},"end":{"line":21,"column":3}},"line":19},"3":{"name":"(anonymous_3)","decl":{"start":{"line":23,"column":22},"end":{"line":23,"column":23}},"loc":{"start":{"line":23,"column":31},"end":{"line":25,"column":3}},"line":23},"4":{"name":"(anonymous_4)","decl":{"start":{"line":27,"column":23},"end":{"line":27,"column":24}},"loc":{"start":{"line":27,"column":34},"end":{"line":29,"column":3}},"line":27},"5":{"name":"(anonymous_5)","decl":{"start":{"line":31,"column":20},"end":{"line":31,"column":21}},"loc":{"start":{"line":31,"column":31},"end":{"line":37,"column":4}},"line":31},"6":{"name":"(anonymous_6)","decl":{"start":{"line":39,"column":21},"end":{"line":39,"column":22}},"loc":{"start":{"line":39,"column":32},"end":{"line":44,"column":3}},"line":39},"7":{"name":"(anonymous_7)","decl":{"start":{"line":47,"column":22},"end":{"line":47,"column":23}},"loc":{"start":{"line":47,"column":33},"end":{"line":63,"column":3}},"line":47},"8":{"name":"(anonymous_8)","decl":{"start":{"line":65,"column":23},"end":{"line":65,"column":24}},"loc":{"start":{"line":65,"column":29},"end":{"line":100,"column":3}},"line":65},"9":{"name":"(anonymous_9)","decl":{"start":{"line":130,"column":22},"end":{"line":130,"column":23}},"loc":{"start":{"line":130,"column":32},"end":{"line":130,"column":59}},"line":130},"10":{"name":"(anonymous_10)","decl":{"start":{"line":137,"column":22},"end":{"line":137,"column":23}},"loc":{"start":{"line":137,"column":32},"end":{"line":137,"column":55}},"line":137},"11":{"name":"(anonymous_11)","decl":{"start":{"line":144,"column":22},"end":{"line":144,"column":23}},"loc":{"start":{"line":144,"column":32},"end":{"line":144,"column":56}},"line":144},"12":{"name":"(anonymous_12)","decl":{"start":{"line":152,"column":33},"end":{"line":152,"column":34}},"loc":{"start":{"line":152,"column":39},"end":{"line":152,"column":58}},"line":152}},"branchMap":{"0":{"loc":{"start":{"line":50,"column":4},"end":{"line":52,"column":5}},"type":"if","locations":[{"start":{"line":50,"column":4},"end":{"line":52,"column":5}},{"start":{},"end":{}}],"line":50},"1":{"loc":{"start":{"line":50,"column":8},"end":{"line":50,"column":50}},"type":"binary-expr","locations":[{"start":{"line":50,"column":8},"end":{"line":50,"column":30}},{"start":{"line":50,"column":34},"end":{"line":50,"column":50}}],"line":50},"2":{"loc":{"start":{"line":54,"column":4},"end":{"line":60,"column":5}},"type":"if","locations":[{"start":{"line":54,"column":4},"end":{"line":60,"column":5}},{"start":{"line":57,"column":11},"end":{"line":60,"column":5}}],"line":54},"3":{"loc":{"start":{"line":73,"column":4},"end":{"line":76,"column":5}},"type":"if","locations":[{"start":{"line":73,"column":4},"end":{"line":76,"column":5}},{"start":{},"end":{}}],"line":73},"4":{"loc":{"start":{"line":73,"column":8},"end":{"line":73,"column":61}},"type":"binary-expr","locations":[{"start":{"line":73,"column":8},"end":{"line":73,"column":13}},{"start":{"line":73,"column":17},"end":{"line":73,"column":25}},{"start":{"line":73,"column":29},"end":{"line":73,"column":35}},{"start":{"line":73,"column":39},"end":{"line":73,"column":45}},{"start":{"line":73,"column":49},"end":{"line":73,"column":53}},{"start":{"line":73,"column":57},"end":{"line":73,"column":61}}],"line":73},"5":{"loc":{"start":{"line":78,"column":4},"end":{"line":81,"column":5}},"type":"if","locations":[{"start":{"line":78,"column":4},"end":{"line":81,"column":5}},{"start":{},"end":{}}],"line":78},"6":{"loc":{"start":{"line":83,"column":4},"end":{"line":86,"column":5}},"type":"if","locations":[{"start":{"line":83,"column":4},"end":{"line":86,"column":5}},{"start":{},"end":{}}],"line":83},"7":{"loc":{"start":{"line":88,"column":4},"end":{"line":91,"column":5}},"type":"if","locations":[{"start":{"line":88,"column":4},"end":{"line":91,"column":5}},{"start":{},"end":{}}],"line":88},"8":{"loc":{"start":{"line":93,"column":4},"end":{"line":96,"column":5}},"type":"if","locations":[{"start":{"line":93,"column":4},"end":{"line":96,"column":5}},{"start":{},"end":{}}],"line":93}},"s":{"0":0,"1":0,"2":0,"3":0,"4":0,"5":0,"6":0,"7":0,"8":0,"9":0,"10":0,"11":0,"12":0,"13":0,"14":0,"15":0,"16":0,"17":0,"18":0,"19":0,"20":0,"21":0,"22":0,"23":0,"24":0,"25":0,"26":0,"27":0,"28":0,"29":0,"30":0,"31":0,"32":0,"33":0,"34":0,"35":0,"36":0,"37":0,"38":0,"39":0,"40":0,"41":0,"42":0,"43":0,"44":0,"45":0,"46":0,"47":0,"48":0,"49":0,"50":0,"51":0,"52":0,"53":0,"54":0,"55":0,"56":0,"57":0,"58":0,"59":0,"60":0,"61":0,"62":0,"63":0,"64":0,"65":0},"f":{"0":0,"1":0,"2":0,"3":0,"4":0,"5":0,"6":0,"7":0,"8":0,"9":0,"10":0,"11":0,"12":0},"b":{"0":[0,0],"1":[0,0],"2":[0,0],"3":[0,0],"4":[0,0,0,0,0,0],"5":[0,0],"6":[0,0],"7":[0,0],"8":[0,0]}}
,"C:\\Users\\hugoc\\OneDrive\\Área de Trabalho\\Hugo\\Eng. de Software\\Projeto iGo\\Desenvolvimento\\Nova pasta\\mobile-app\\Frontend\\src\\screens\\DriverScreens\\DriverHomeScreen.js": {"path":"C:\\Users\\hugoc\\OneDrive\\Área de Trabalho\\Hugo\\Eng. de Software\\Projeto iGo\\Desenvolvimento\\Nova pasta\\mobile-app\\Frontend\\src\\screens\\DriverScreens\\DriverHomeScreen.js","statementMap":{"0":{"start":{"line":10,"column":38},"end":{"line":10,"column":59}},"1":{"start":{"line":11,"column":38},"end":{"line":11,"column":53}},"2":{"start":{"line":13,"column":30},"end":{"line":15,"column":3}},"3":{"start":{"line":14,"column":4},"end":{"line":14,"column":35}},"4":{"start":{"line":17,"column":2},"end":{"line":35,"column":4}},"5":{"start":{"line":38,"column":15},"end":{"line":75,"column":2}}},"fnMap":{"0":{"name":"HomeScreen","decl":{"start":{"line":9,"column":24},"end":{"line":9,"column":34}},"loc":{"start":{"line":9,"column":51},"end":{"line":36,"column":1}},"line":9},"1":{"name":"(anonymous_1)","decl":{"start":{"line":13,"column":30},"end":{"line":13,"column":31}},"loc":{"start":{"line":13,"column":36},"end":{"line":15,"column":3}},"line":13}},"branchMap":{},"s":{"0":0,"1":0,"2":0,"3":0,"4":0,"5":0},"f":{"0":0,"1":0},"b":{}}
,"C:\\Users\\hugoc\\OneDrive\\Área de Trabalho\\Hugo\\Eng. de Software\\Projeto iGo\\Desenvolvimento\\Nova pasta\\mobile-app\\Frontend\\src\\screens\\DriverScreens\\DriverProfileScreen.js": {"path":"C:\\Users\\hugoc\\OneDrive\\Área de Trabalho\\Hugo\\Eng. de Software\\Projeto iGo\\Desenvolvimento\\Nova pasta\\mobile-app\\Frontend\\src\\screens\\DriverScreens\\DriverProfileScreen.js","statementMap":{"0":{"start":{"line":6,"column":34},"end":{"line":92,"column":1}},"1":{"start":{"line":7,"column":34},"end":{"line":18,"column":4}},"2":{"start":{"line":20,"column":28},"end":{"line":22,"column":3}},"3":{"start":{"line":21,"column":4},"end":{"line":21,"column":39}},"4":{"start":{"line":24,"column":31},"end":{"line":26,"column":3}},"5":{"start":{"line":25,"column":4},"end":{"line":25,"column":41}},"6":{"start":{"line":28,"column":23},"end":{"line":31,"column":3}},"7":{"start":{"line":30,"column":4},"end":{"line":30,"column":54}},"8":{"start":{"line":33,"column":2},"end":{"line":91,"column":4}},"9":{"start":{"line":36,"column":41},"end":{"line":36,"column":60}},"10":{"start":{"line":65,"column":12},"end":{"line":67,"column":19}},"11":{"start":{"line":94,"column":15},"end":{"line":199,"column":2}}},"fnMap":{"0":{"name":"(anonymous_0)","decl":{"start":{"line":6,"column":34},"end":{"line":6,"column":35}},"loc":{"start":{"line":6,"column":54},"end":{"line":92,"column":1}},"line":6},"1":{"name":"(anonymous_1)","decl":{"start":{"line":20,"column":28},"end":{"line":20,"column":29}},"loc":{"start":{"line":20,"column":34},"end":{"line":22,"column":3}},"line":20},"2":{"name":"(anonymous_2)","decl":{"start":{"line":24,"column":31},"end":{"line":24,"column":32}},"loc":{"start":{"line":24,"column":37},"end":{"line":26,"column":3}},"line":24},"3":{"name":"(anonymous_3)","decl":{"start":{"line":28,"column":23},"end":{"line":28,"column":24}},"loc":{"start":{"line":28,"column":29},"end":{"line":31,"column":3}},"line":28},"4":{"name":"(anonymous_4)","decl":{"start":{"line":36,"column":35},"end":{"line":36,"column":36}},"loc":{"start":{"line":36,"column":41},"end":{"line":36,"column":60}},"line":36},"5":{"name":"(anonymous_5)","decl":{"start":{"line":39,"column":35},"end":{"line":39,"column":36}},"loc":{"start":{"line":39,"column":41},"end":{"line":39,"column":43}},"line":39},"6":{"name":"(anonymous_6)","decl":{"start":{"line":64,"column":34},"end":{"line":64,"column":35}},"loc":{"start":{"line":65,"column":12},"end":{"line":67,"column":19}},"line":65}},"branchMap":{},"s":{"0":0,"1":0,"2":0,"3":0,"4":0,"5":0,"6":0,"7":0,"8":0,"9":0,"10":0,"11":0},"f":{"0":0,"1":0,"2":0,"3":0,"4":0,"5":0,"6":0},"b":{}}
,"C:\\Users\\hugoc\\OneDrive\\Área de Trabalho\\Hugo\\Eng. de Software\\Projeto iGo\\Desenvolvimento\\Nova pasta\\mobile-app\\Frontend\\src\\screens\\DriverScreens\\PassengersScreen.js": {"path":"C:\\Users\\hugoc\\OneDrive\\Área de Trabalho\\Hugo\\Eng. de Software\\Projeto iGo\\Desenvolvimento\\Nova pasta\\mobile-app\\Frontend\\src\\screens\\DriverScreens\\PassengersScreen.js","statementMap":{"0":{"start":{"line":11,"column":20},"end":{"line":18,"column":1}},"1":{"start":{"line":21,"column":30},"end":{"line":21,"column":42}},"2":{"start":{"line":23,"column":30},"end":{"line":25,"column":3}},"3":{"start":{"line":24,"column":4},"end":{"line":24,"column":64}},"4":{"start":{"line":27,"column":2},"end":{"line":56,"column":4}},"5":{"start":{"line":42,"column":10},"end":{"line":47,"column":12}},"6":{"start":{"line":52,"column":23},"end":{"line":52,"column":58}},"7":{"start":{"line":59,"column":15},"end":{"line":67,"column":2}}},"fnMap":{"0":{"name":"PassengersScreen","decl":{"start":{"line":20,"column":24},"end":{"line":20,"column":40}},"loc":{"start":{"line":20,"column":57},"end":{"line":57,"column":1}},"line":20},"1":{"name":"(anonymous_1)","decl":{"start":{"line":23,"column":49},"end":{"line":23,"column":50}},"loc":{"start":{"line":24,"column":4},"end":{"line":24,"column":64}},"line":24},"2":{"name":"(anonymous_2)","decl":{"start":{"line":41,"column":33},"end":{"line":41,"column":34}},"loc":{"start":{"line":42,"column":10},"end":{"line":47,"column":12}},"line":42},"3":{"name":"(anonymous_3)","decl":{"start":{"line":46,"column":21},"end":{"line":46,"column":22}},"loc":{"start":{"line":46,"column":27},"end":{"line":46,"column":61}},"line":46},"4":{"name":"(anonymous_4)","decl":{"start":{"line":52,"column":17},"end":{"line":52,"column":18}},"loc":{"start":{"line":52,"column":23},"end":{"line":52,"column":58}},"line":52}},"branchMap":{},"s":{"0":0,"1":0,"2":0,"3":0,"4":0,"5":0,"6":0,"7":0},"f":{"0":0,"1":0,"2":0,"3":0,"4":0},"b":{}}
,"C:\\Users\\hugoc\\OneDrive\\Área de Trabalho\\Hugo\\Eng. de Software\\Projeto iGo\\Desenvolvimento\\Nova pasta\\mobile-app\\Frontend\\src\\screens\\PassengerScreens\\AboutScreen.js": {"path":"C:\\Users\\hugoc\\OneDrive\\Área de Trabalho\\Hugo\\Eng. de Software\\Projeto iGo\\Desenvolvimento\\Nova pasta\\mobile-app\\Frontend\\src\\screens\\PassengerScreens\\AboutScreen.js","statementMap":{"0":{"start":{"line":7,"column":20},"end":{"line":37,"column":1}},"1":{"start":{"line":8,"column":2},"end":{"line":36,"column":4}},"2":{"start":{"line":13,"column":32},"end":{"line":13,"column":51}},"3":{"start":{"line":39,"column":15},"end":{"line":89,"column":2}}},"fnMap":{"0":{"name":"(anonymous_0)","decl":{"start":{"line":7,"column":20},"end":{"line":7,"column":21}},"loc":{"start":{"line":7,"column":40},"end":{"line":37,"column":1}},"line":7},"1":{"name":"(anonymous_1)","decl":{"start":{"line":13,"column":26},"end":{"line":13,"column":27}},"loc":{"start":{"line":13,"column":32},"end":{"line":13,"column":51}},"line":13}},"branchMap":{},"s":{"0":0,"1":0,"2":0,"3":0},"f":{"0":0,"1":0},"b":{}}
,"C:\\Users\\hugoc\\OneDrive\\Área de Trabalho\\Hugo\\Eng. de Software\\Projeto iGo\\Desenvolvimento\\Nova pasta\\mobile-app\\Frontend\\src\\screens\\PassengerScreens\\HelpScreen.js": {"path":"C:\\Users\\hugoc\\OneDrive\\Área de Trabalho\\Hugo\\Eng. de Software\\Projeto iGo\\Desenvolvimento\\Nova pasta\\mobile-app\\Frontend\\src\\screens\\PassengerScreens\\HelpScreen.js","statementMap":{"0":{"start":{"line":8,"column":19},"end":{"line":37,"column":1}},"1":{"start":{"line":9,"column":2},"end":{"line":36,"column":4}},"2":{"start":{"line":14,"column":32},"end":{"line":14,"column":51}},"3":{"start":{"line":39,"column":15},"end":{"line":55,"column":2}}},"fnMap":{"0":{"name":"(anonymous_0)","decl":{"start":{"line":8,"column":19},"end":{"line":8,"column":20}},"loc":{"start":{"line":8,"column":39},"end":{"line":37,"column":1}},"line":8},"1":{"name":"(anonymous_1)","decl":{"start":{"line":14,"column":26},"end":{"line":14,"column":27}},"loc":{"start":{"line":14,"column":32},"end":{"line":14,"column":51}},"line":14},"2":{"name":"(anonymous_2)","decl":{"start":{"line":31,"column":26},"end":{"line":31,"column":27}},"loc":{"start":{"line":31,"column":32},"end":{"line":31,"column":71}},"line":31}},"branchMap":{},"s":{"0":0,"1":0,"2":0,"3":0},"f":{"0":0,"1":0,"2":0},"b":{}}
,"C:\\Users\\hugoc\\OneDrive\\Área de Trabalho\\Hugo\\Eng. de Software\\Projeto iGo\\Desenvolvimento\\Nova pasta\\mobile-app\\Frontend\\src\\screens\\PassengerScreens\\PassengerHomeScreen.js": {"path":"C:\\Users\\hugoc\\OneDrive\\Área de Trabalho\\Hugo\\Eng. de Software\\Projeto iGo\\Desenvolvimento\\Nova pasta\\mobile-app\\Frontend\\src\\screens\\PassengerScreens\\PassengerHomeScreen.js","statementMap":{"0":{"start":{"line":19,"column":38},"end":{"line":19,"column":59}},"1":{"start":{"line":20,"column":38},"end":{"line":20,"column":53}},"2":{"start":{"line":22,"column":30},"end":{"line":24,"column":3}},"3":{"start":{"line":23,"column":4},"end":{"line":23,"column":35}},"4":{"start":{"line":26,"column":2},"end":{"line":69,"column":4}},"5":{"start":{"line":52,"column":29},"end":{"line":52,"column":57}},"6":{"start":{"line":72,"column":15},"end":{"line":109,"column":2}}},"fnMap":{"0":{"name":"HomeScreen","decl":{"start":{"line":18,"column":24},"end":{"line":18,"column":34}},"loc":{"start":{"line":18,"column":51},"end":{"line":70,"column":1}},"line":18},"1":{"name":"(anonymous_1)","decl":{"start":{"line":22,"column":30},"end":{"line":22,"column":31}},"loc":{"start":{"line":22,"column":36},"end":{"line":24,"column":3}},"line":22},"2":{"name":"(anonymous_2)","decl":{"start":{"line":52,"column":23},"end":{"line":52,"column":24}},"loc":{"start":{"line":52,"column":29},"end":{"line":52,"column":57}},"line":52},"3":{"name":"(anonymous_3)","decl":{"start":{"line":57,"column":23},"end":{"line":57,"column":24}},"loc":{"start":{"line":57,"column":29},"end":{"line":57,"column":48}},"line":57}},"branchMap":{},"s":{"0":0,"1":0,"2":0,"3":0,"4":0,"5":0,"6":0},"f":{"0":0,"1":0,"2":0,"3":0},"b":{}}
,"C:\\Users\\hugoc\\OneDrive\\Área de Trabalho\\Hugo\\Eng. de Software\\Projeto iGo\\Desenvolvimento\\Nova pasta\\mobile-app\\Frontend\\src\\screens\\PassengerScreens\\PassengerProfileScreen.js": {"path":"C:\\Users\\hugoc\\OneDrive\\Área de Trabalho\\Hugo\\Eng. de Software\\Projeto iGo\\Desenvolvimento\\Nova pasta\\mobile-app\\Frontend\\src\\screens\\PassengerScreens\\PassengerProfileScreen.js","statementMap":{"0":{"start":{"line":7,"column":31},"end":{"line":107,"column":1}},"1":{"start":{"line":8,"column":34},"end":{"line":19,"column":4}},"2":{"start":{"line":21,"column":48},"end":{"line":21,"column":63}},"3":{"start":{"line":23,"column":28},"end":{"line":25,"column":3}},"4":{"start":{"line":24,"column":4},"end":{"line":24,"column":39}},"5":{"start":{"line":27,"column":31},"end":{"line":29,"column":3}},"6":{"start":{"line":28,"column":4},"end":{"line":28,"column":41}},"7":{"start":{"line":31,"column":23},"end":{"line":33,"column":3}},"8":{"start":{"line":32,"column":4},"end":{"line":32,"column":29}},"9":{"start":{"line":35,"column":24},"end":{"line":38,"column":3}},"10":{"start":{"line":36,"column":4},"end":{"line":36,"column":30}},"11":{"start":{"line":37,"column":4},"end":{"line":37,"column":33}},"12":{"start":{"line":40,"column":23},"end":{"line":42,"column":3}},"13":{"start":{"line":41,"column":4},"end":{"line":41,"column":30}},"14":{"start":{"line":44,"column":2},"end":{"line":106,"column":4}},"15":{"start":{"line":47,"column":41},"end":{"line":47,"column":60}},"16":{"start":{"line":76,"column":12},"end":{"line":78,"column":19}},"17":{"start":{"line":109,"column":15},"end":{"line":214,"column":2}}},"fnMap":{"0":{"name":"(anonymous_0)","decl":{"start":{"line":7,"column":31},"end":{"line":7,"column":32}},"loc":{"start":{"line":7,"column":51},"end":{"line":107,"column":1}},"line":7},"1":{"name":"(anonymous_1)","decl":{"start":{"line":23,"column":28},"end":{"line":23,"column":29}},"loc":{"start":{"line":23,"column":34},"end":{"line":25,"column":3}},"line":23},"2":{"name":"(anonymous_2)","decl":{"start":{"line":27,"column":31},"end":{"line":27,"column":32}},"loc":{"start":{"line":27,"column":37},"end":{"line":29,"column":3}},"line":27},"3":{"name":"(anonymous_3)","decl":{"start":{"line":31,"column":23},"end":{"line":31,"column":24}},"loc":{"start":{"line":31,"column":29},"end":{"line":33,"column":3}},"line":31},"4":{"name":"(anonymous_4)","decl":{"start":{"line":35,"column":24},"end":{"line":35,"column":25}},"loc":{"start":{"line":35,"column":30},"end":{"line":38,"column":3}},"line":35},"5":{"name":"(anonymous_5)","decl":{"start":{"line":40,"column":23},"end":{"line":40,"column":24}},"loc":{"start":{"line":40,"column":29},"end":{"line":42,"column":3}},"line":40},"6":{"name":"(anonymous_6)","decl":{"start":{"line":47,"column":35},"end":{"line":47,"column":36}},"loc":{"start":{"line":47,"column":41},"end":{"line":47,"column":60}},"line":47},"7":{"name":"(anonymous_7)","decl":{"start":{"line":50,"column":35},"end":{"line":50,"column":36}},"loc":{"start":{"line":50,"column":41},"end":{"line":50,"column":43}},"line":50},"8":{"name":"(anonymous_8)","decl":{"start":{"line":75,"column":34},"end":{"line":75,"column":35}},"loc":{"start":{"line":76,"column":12},"end":{"line":78,"column":19}},"line":76}},"branchMap":{},"s":{"0":0,"1":0,"2":0,"3":0,"4":0,"5":0,"6":0,"7":0,"8":0,"9":0,"10":0,"11":0,"12":0,"13":0,"14":0,"15":0,"16":0,"17":0},"f":{"0":0,"1":0,"2":0,"3":0,"4":0,"5":0,"6":0,"7":0,"8":0},"b":{}}
}
